<?xml version="1.0" encoding="UTF-8"?>
<coverage generated="1736185362954" clover="3.2.0">
  <project timestamp="1736185362954" name="All files">
    <metrics statements="361" coveredstatements="198" conditionals="118" coveredconditionals="53" methods="109" coveredmethods="57" elements="588" coveredelements="308" complexity="0" loc="361" ncloc="361" packages="9" files="27" classes="27"/>
    <package name="src">
      <metrics statements="2" coveredstatements="2" conditionals="0" coveredconditionals="0" methods="1" coveredmethods="1"/>
      <file name="App.tsx" path="/home/cultivator/dbwebb-kurser/vteam/SvenskaElsparkcyklarAB/frontend/src/App.tsx">
        <metrics statements="2" coveredstatements="2" conditionals="0" coveredconditionals="0" methods="1" coveredmethods="1"/>
        <line num="25" count="1" type="stmt"/>
        <line num="26" count="1" type="stmt"/>
      </file>
    </package>
    <package name="src.components">
      <metrics statements="80" coveredstatements="58" conditionals="26" coveredconditionals="22" methods="29" coveredmethods="21"/>
      <file name="AdminGate.tsx" path="/home/cultivator/dbwebb-kurser/vteam/SvenskaElsparkcyklarAB/frontend/src/components/AdminGate.tsx">
        <metrics statements="21" coveredstatements="18" conditionals="6" coveredconditionals="6" methods="5" coveredmethods="5"/>
        <line num="12" count="29" type="stmt"/>
        <line num="13" count="21" type="stmt"/>
        <line num="15" count="21" type="stmt"/>
        <line num="17" count="21" type="stmt"/>
        <line num="18" count="8" type="cond" truecount="2" falsecount="0"/>
        <line num="19" count="2" type="stmt"/>
        <line num="20" count="2" type="stmt"/>
        <line num="21" count="2" type="stmt"/>
        <line num="23" count="0" type="stmt"/>
        <line num="24" count="0" type="stmt"/>
        <line num="25" count="0" type="stmt"/>
        <line num="28" count="6" type="stmt"/>
        <line num="32" count="21" type="stmt"/>
        <line num="33" count="8" type="stmt"/>
        <line num="36" count="21" type="stmt"/>
        <line num="37" count="16" type="cond" truecount="2" falsecount="0"/>
        <line num="38" count="8" type="stmt"/>
        <line num="40" count="8" type="cond" truecount="2" falsecount="0"/>
        <line num="41" count="7" type="stmt"/>
        <line num="42" count="7" type="stmt"/>
        <line num="46" count="21" type="stmt"/>
      </file>
      <file name="Header.tsx" path="/home/cultivator/dbwebb-kurser/vteam/SvenskaElsparkcyklarAB/frontend/src/components/Header.tsx">
        <metrics statements="9" coveredstatements="4" conditionals="10" coveredconditionals="6" methods="5" coveredmethods="2"/>
        <line num="15" count="4" type="stmt"/>
        <line num="18" count="2" type="stmt"/>
        <line num="19" count="0" type="stmt"/>
        <line num="20" count="0" type="stmt"/>
        <line num="23" count="2" type="stmt"/>
        <line num="24" count="0" type="stmt"/>
        <line num="25" count="0" type="stmt"/>
        <line num="28" count="2" type="stmt"/>
        <line num="63" count="0" type="stmt"/>
      </file>
      <file name="Login.tsx" path="/home/cultivator/dbwebb-kurser/vteam/SvenskaElsparkcyklarAB/frontend/src/components/Login.tsx">
        <metrics statements="5" coveredstatements="2" conditionals="0" coveredconditionals="0" methods="3" coveredmethods="1"/>
        <line num="6" count="5" type="stmt"/>
        <line num="7" count="0" type="stmt"/>
        <line num="8" count="0" type="stmt"/>
        <line num="11" count="5" type="stmt"/>
        <line num="12" count="0" type="stmt"/>
      </file>
      <file name="Logout.tsx" path="/home/cultivator/dbwebb-kurser/vteam/SvenskaElsparkcyklarAB/frontend/src/components/Logout.tsx">
        <metrics statements="11" coveredstatements="4" conditionals="0" coveredconditionals="0" methods="3" coveredmethods="1"/>
        <line num="8" count="2" type="stmt"/>
        <line num="9" count="2" type="stmt"/>
        <line num="11" count="2" type="stmt"/>
        <line num="12" count="0" type="stmt"/>
        <line num="13" count="0" type="stmt"/>
        <line num="14" count="0" type="stmt"/>
        <line num="15" count="0" type="stmt"/>
        <line num="16" count="0" type="stmt"/>
        <line num="17" count="0" type="stmt"/>
        <line num="19" count="2" type="stmt"/>
        <line num="20" count="0" type="stmt"/>
      </file>
      <file name="Map.tsx" path="/home/cultivator/dbwebb-kurser/vteam/SvenskaElsparkcyklarAB/frontend/src/components/Map.tsx">
        <metrics statements="6" coveredstatements="6" conditionals="4" coveredconditionals="4" methods="2" coveredmethods="2"/>
        <line num="17" count="4" type="stmt"/>
        <line num="18" count="4" type="stmt"/>
        <line num="20" count="4" type="stmt"/>
        <line num="21" count="3" type="cond" truecount="4" falsecount="0"/>
        <line num="22" count="1" type="stmt"/>
        <line num="26" count="4" type="stmt"/>
      </file>
      <file name="MapCenter.tsx" path="/home/cultivator/dbwebb-kurser/vteam/SvenskaElsparkcyklarAB/frontend/src/components/MapCenter.tsx">
        <metrics statements="4" coveredstatements="4" conditionals="0" coveredconditionals="0" methods="2" coveredmethods="2"/>
        <line num="6" count="5" type="stmt"/>
        <line num="8" count="5" type="stmt"/>
        <line num="9" count="5" type="stmt"/>
        <line num="12" count="5" type="stmt"/>
      </file>
      <file name="Spinner.tsx" path="/home/cultivator/dbwebb-kurser/vteam/SvenskaElsparkcyklarAB/frontend/src/components/Spinner.tsx">
        <metrics statements="1" coveredstatements="1" conditionals="0" coveredconditionals="0" methods="1" coveredmethods="1"/>
        <line num="7" count="2" type="stmt"/>
      </file>
      <file name="UserGate.tsx" path="/home/cultivator/dbwebb-kurser/vteam/SvenskaElsparkcyklarAB/frontend/src/components/UserGate.tsx">
        <metrics statements="21" coveredstatements="18" conditionals="6" coveredconditionals="6" methods="6" coveredmethods="6"/>
        <line num="10" count="15" type="stmt"/>
        <line num="11" count="10" type="stmt"/>
        <line num="13" count="10" type="stmt"/>
        <line num="15" count="10" type="stmt"/>
        <line num="16" count="5" type="stmt"/>
        <line num="17" count="5" type="cond" truecount="2" falsecount="0"/>
        <line num="18" count="3" type="stmt"/>
        <line num="19" count="3" type="stmt"/>
        <line num="20" count="2" type="stmt"/>
        <line num="22" count="0" type="stmt"/>
        <line num="23" count="0" type="stmt"/>
        <line num="24" count="0" type="stmt"/>
        <line num="27" count="2" type="stmt"/>
        <line num="32" count="5" type="stmt"/>
        <line num="35" count="10" type="stmt"/>
        <line num="36" count="9" type="cond" truecount="2" falsecount="0"/>
        <line num="37" count="5" type="stmt"/>
        <line num="39" count="4" type="cond" truecount="2" falsecount="0"/>
        <line num="40" count="2" type="stmt"/>
        <line num="41" count="2" type="stmt"/>
        <line num="45" count="10" type="stmt"/>
      </file>
      <file name="ZoneTable.tsx" path="/home/cultivator/dbwebb-kurser/vteam/SvenskaElsparkcyklarAB/frontend/src/components/ZoneTable.tsx">
        <metrics statements="2" coveredstatements="1" conditionals="0" coveredconditionals="0" methods="2" coveredmethods="1"/>
        <line num="7" count="1" type="stmt"/>
        <line num="23" count="0" type="stmt"/>
      </file>
    </package>
    <package name="src.helpers">
      <metrics statements="16" coveredstatements="13" conditionals="3" coveredconditionals="3" methods="3" coveredmethods="2"/>
      <file name="config.tsx" path="/home/cultivator/dbwebb-kurser/vteam/SvenskaElsparkcyklarAB/frontend/src/helpers/config.tsx">
        <metrics statements="13" coveredstatements="10" conditionals="2" coveredconditionals="2" methods="2" coveredmethods="1"/>
        <line num="1" count="17" type="stmt"/>
        <line num="3" count="17" type="stmt"/>
        <line num="4" count="17" type="stmt"/>
        <line num="5" count="17" type="stmt"/>
        <line num="6" count="17" type="stmt"/>
        <line num="20" count="17" type="stmt"/>
        <line num="23" count="17" type="stmt"/>
        <line num="24" count="8" type="stmt"/>
        <line num="30" count="8" type="stmt"/>
        <line num="34" count="17" type="stmt"/>
        <line num="45" count="0" type="stmt"/>
        <line num="55" count="0" type="stmt"/>
        <line num="57" count="0" type="stmt"/>
      </file>
      <file name="test-redux.tsx" path="/home/cultivator/dbwebb-kurser/vteam/SvenskaElsparkcyklarAB/frontend/src/helpers/test-redux.tsx">
        <metrics statements="3" coveredstatements="3" conditionals="1" coveredconditionals="1" methods="1" coveredmethods="1"/>
        <line num="23" count="20" type="stmt"/>
        <line num="28" count="24" type="stmt"/>
        <line num="34" count="24" type="stmt"/>
      </file>
    </package>
    <package name="src.helpers.map">
      <metrics statements="16" coveredstatements="7" conditionals="6" coveredconditionals="0" methods="8" coveredmethods="2"/>
      <file name="cities.tsx" path="/home/cultivator/dbwebb-kurser/vteam/SvenskaElsparkcyklarAB/frontend/src/helpers/map/cities.tsx">
        <metrics statements="1" coveredstatements="1" conditionals="0" coveredconditionals="0" methods="0" coveredmethods="0"/>
        <line num="7" count="4" type="stmt"/>
      </file>
      <file name="renders.tsx" path="/home/cultivator/dbwebb-kurser/vteam/SvenskaElsparkcyklarAB/frontend/src/helpers/map/renders.tsx">
        <metrics statements="15" coveredstatements="6" conditionals="6" coveredconditionals="0" methods="8" coveredmethods="2"/>
        <line num="7" count="4" type="stmt"/>
        <line num="8" count="0" type="cond" truecount="0" falsecount="4"/>
        <line num="10" count="0" type="stmt"/>
        <line num="12" count="0" type="stmt"/>
        <line num="14" count="0" type="stmt"/>
        <line num="16" count="0" type="stmt"/>
        <line num="20" count="4" type="stmt"/>
        <line num="21" count="4" type="stmt"/>
        <line num="22" count="0" type="stmt"/>
        <line num="35" count="4" type="stmt"/>
        <line num="36" count="0" type="stmt"/>
        <line num="37" count="0" type="stmt"/>
        <line num="44" count="4" type="stmt"/>
        <line num="45" count="4" type="stmt"/>
        <line num="46" count="0" type="stmt"/>
      </file>
    </package>
    <package name="src.pages">
      <metrics statements="38" coveredstatements="15" conditionals="16" coveredconditionals="4" methods="6" coveredmethods="5"/>
      <file name="Github.tsx" path="/home/cultivator/dbwebb-kurser/vteam/SvenskaElsparkcyklarAB/frontend/src/pages/Github.tsx">
        <metrics statements="35" coveredstatements="12" conditionals="14" coveredconditionals="3" methods="4" coveredmethods="3"/>
        <line num="13" count="2" type="stmt"/>
        <line num="15" count="1" type="stmt"/>
        <line num="16" count="1" type="stmt"/>
        <line num="17" count="1" type="stmt"/>
        <line num="18" count="1" type="stmt"/>
        <line num="19" count="1" type="stmt"/>
        <line num="21" count="2" type="stmt"/>
        <line num="23" count="1" type="stmt"/>
        <line num="25" count="1" type="cond" truecount="1" falsecount="1"/>
        <line num="27" count="0" type="cond" truecount="0" falsecount="2"/>
        <line num="28" count="0" type="stmt"/>
        <line num="29" count="0" type="cond" truecount="0" falsecount="2"/>
        <line num="30" count="0" type="stmt"/>
        <line num="31" count="0" type="cond" truecount="0" falsecount="2"/>
        <line num="32" count="0" type="stmt"/>
        <line num="34" count="0" type="stmt"/>
        <line num="37" count="1" type="stmt"/>
        <line num="38" count="1" type="cond" truecount="2" falsecount="2"/>
        <line num="40" count="0" type="stmt"/>
        <line num="41" count="0" type="stmt"/>
        <line num="42" count="0" type="stmt"/>
        <line num="43" count="0" type="stmt"/>
        <line num="44" count="0" type="stmt"/>
        <line num="45" count="0" type="stmt"/>
        <line num="46" count="0" type="stmt"/>
        <line num="47" count="0" type="stmt"/>
        <line num="48" count="0" type="stmt"/>
        <line num="49" count="0" type="stmt"/>
        <line num="50" count="0" type="cond" truecount="0" falsecount="2"/>
        <line num="51" count="0" type="stmt"/>
        <line num="52" count="0" type="stmt"/>
        <line num="54" count="0" type="stmt"/>
        <line num="60" count="0" type="stmt"/>
        <line num="64" count="0" type="stmt"/>
        <line num="68" count="1" type="stmt"/>
      </file>
      <file name="HomePage.tsx" path="/home/cultivator/dbwebb-kurser/vteam/SvenskaElsparkcyklarAB/frontend/src/pages/HomePage.tsx">
        <metrics statements="3" coveredstatements="3" conditionals="2" coveredconditionals="1" methods="2" coveredmethods="2"/>
        <line num="6" count="2" type="stmt"/>
        <line num="8" count="4" type="stmt"/>
        <line num="10" count="2" type="stmt"/>
      </file>
    </package>
    <package name="src.pages.admin">
      <metrics statements="158" coveredstatements="76" conditionals="51" coveredconditionals="13" methods="48" coveredmethods="20"/>
      <file name="AdminMapNavigation.tsx" path="/home/cultivator/dbwebb-kurser/vteam/SvenskaElsparkcyklarAB/frontend/src/pages/admin/AdminMapNavigation.tsx">
        <metrics statements="6" coveredstatements="5" conditionals="0" coveredconditionals="0" methods="3" coveredmethods="2"/>
        <line num="8" count="2" type="stmt"/>
        <line num="9" count="2" type="stmt"/>
        <line num="11" count="2" type="stmt"/>
        <line num="17" count="2" type="stmt"/>
        <line num="25" count="6" type="stmt"/>
        <line num="27" count="0" type="stmt"/>
      </file>
      <file name="AdminStartPage.tsx" path="/home/cultivator/dbwebb-kurser/vteam/SvenskaElsparkcyklarAB/frontend/src/pages/admin/AdminStartPage.tsx">
        <metrics statements="2" coveredstatements="2" conditionals="0" coveredconditionals="0" methods="1" coveredmethods="1"/>
        <line num="7" count="2" type="stmt"/>
        <line num="9" count="1" type="stmt"/>
      </file>
      <file name="AdminUserOverviewPage.tsx" path="/home/cultivator/dbwebb-kurser/vteam/SvenskaElsparkcyklarAB/frontend/src/pages/admin/AdminUserOverviewPage.tsx">
        <metrics statements="60" coveredstatements="21" conditionals="20" coveredconditionals="2" methods="15" coveredmethods="3"/>
        <line num="26" count="2" type="stmt"/>
        <line num="27" count="1" type="stmt"/>
        <line num="28" count="2" type="stmt"/>
        <line num="29" count="1" type="stmt"/>
        <line num="30" count="1" type="stmt"/>
        <line num="31" count="1" type="stmt"/>
        <line num="32" count="1" type="stmt"/>
        <line num="33" count="1" type="stmt"/>
        <line num="34" count="1" type="stmt"/>
        <line num="35" count="1" type="stmt"/>
        <line num="36" count="1" type="stmt"/>
        <line num="37" count="1" type="stmt"/>
        <line num="38" count="1" type="stmt"/>
        <line num="39" count="1" type="stmt"/>
        <line num="40" count="1" type="stmt"/>
        <line num="43" count="1" type="stmt"/>
        <line num="44" count="0" type="stmt"/>
        <line num="45" count="0" type="stmt"/>
        <line num="56" count="0" type="stmt"/>
        <line num="57" count="0" type="stmt"/>
        <line num="58" count="0" type="stmt"/>
        <line num="59" count="0" type="stmt"/>
        <line num="62" count="0" type="stmt"/>
        <line num="63" count="0" type="stmt"/>
        <line num="64" count="0" type="cond" truecount="0" falsecount="2"/>
        <line num="70" count="1" type="stmt"/>
        <line num="71" count="1" type="stmt"/>
        <line num="72" count="0" type="stmt"/>
        <line num="73" count="0" type="stmt"/>
        <line num="74" count="0" type="stmt"/>
        <line num="75" count="0" type="stmt"/>
        <line num="76" count="0" type="stmt"/>
        <line num="77" count="0" type="stmt"/>
        <line num="78" count="0" type="stmt"/>
        <line num="79" count="0" type="stmt"/>
        <line num="80" count="0" type="stmt"/>
        <line num="81" count="0" type="stmt"/>
        <line num="82" count="0" type="cond" truecount="0" falsecount="2"/>
        <line num="83" count="0" type="stmt"/>
        <line num="84" count="0" type="stmt"/>
        <line num="85" count="0" type="stmt"/>
        <line num="88" count="0" type="stmt"/>
        <line num="90" count="0" type="stmt"/>
        <line num="94" count="1" type="cond" truecount="1" falsecount="1"/>
        <line num="95" count="0" type="stmt"/>
        <line num="99" count="1" type="cond" truecount="1" falsecount="1"/>
        <line num="100" count="1" type="stmt"/>
        <line num="103" count="0" type="cond" truecount="0" falsecount="2"/>
        <line num="104" count="0" type="stmt"/>
        <line num="107" count="0" type="stmt"/>
        <line num="139" count="0" type="stmt"/>
        <line num="143" count="0" type="stmt"/>
        <line num="153" count="0" type="stmt"/>
        <line num="163" count="0" type="cond" truecount="0" falsecount="2"/>
        <line num="171" count="0" type="stmt"/>
        <line num="175" count="0" type="stmt"/>
        <line num="179" count="0" type="stmt"/>
        <line num="180" count="0" type="stmt"/>
        <line num="184" count="0" type="cond" truecount="0" falsecount="2"/>
        <line num="189" count="0" type="cond" truecount="0" falsecount="2"/>
      </file>
      <file name="AllBikes.tsx" path="/home/cultivator/dbwebb-kurser/vteam/SvenskaElsparkcyklarAB/frontend/src/pages/admin/AllBikes.tsx">
        <metrics statements="10" coveredstatements="8" conditionals="2" coveredconditionals="1" methods="5" coveredmethods="4"/>
        <line num="13" count="1" type="stmt"/>
        <line num="14" count="2" type="stmt"/>
        <line num="16" count="1" type="stmt"/>
        <line num="17" count="1" type="stmt"/>
        <line num="18" count="1" type="stmt"/>
        <line num="19" count="1" type="stmt"/>
        <line num="20" count="0" type="stmt"/>
        <line num="26" count="1" type="stmt"/>
        <line num="30" count="1" type="stmt"/>
        <line num="39" count="0" type="stmt"/>
      </file>
      <file name="AllZones.tsx" path="/home/cultivator/dbwebb-kurser/vteam/SvenskaElsparkcyklarAB/frontend/src/pages/admin/AllZones.tsx">
        <metrics statements="31" coveredstatements="9" conditionals="13" coveredconditionals="6" methods="8" coveredmethods="1"/>
        <line num="14" count="1" type="stmt"/>
        <line num="15" count="1" type="stmt"/>
        <line num="16" count="1" type="stmt"/>
        <line num="17" count="1" type="stmt"/>
        <line num="18" count="1" type="stmt"/>
        <line num="19" count="1" type="stmt"/>
        <line num="21" count="1" type="stmt"/>
        <line num="22" count="0" type="stmt"/>
        <line num="23" count="0" type="cond" truecount="0" falsecount="5"/>
        <line num="24" count="0" type="stmt"/>
        <line num="28" count="1" type="stmt"/>
        <line num="29" count="0" type="stmt"/>
        <line num="30" count="0" type="stmt"/>
        <line num="32" count="0" type="stmt"/>
        <line num="33" count="0" type="stmt"/>
        <line num="34" count="0" type="stmt"/>
        <line num="35" count="0" type="stmt"/>
        <line num="36" count="0" type="stmt"/>
        <line num="37" count="0" type="stmt"/>
        <line num="38" count="0" type="stmt"/>
        <line num="39" count="0" type="stmt"/>
        <line num="40" count="0" type="cond" truecount="0" falsecount="2"/>
        <line num="41" count="0" type="stmt"/>
        <line num="44" count="0" type="stmt"/>
        <line num="45" count="0" type="stmt"/>
        <line num="49" count="0" type="stmt"/>
        <line num="54" count="1" type="stmt"/>
        <line num="62" count="0" type="stmt"/>
        <line num="71" count="0" type="stmt"/>
        <line num="81" count="0" type="stmt"/>
        <line num="98" count="0" type="stmt"/>
      </file>
      <file name="ShowMap.tsx" path="/home/cultivator/dbwebb-kurser/vteam/SvenskaElsparkcyklarAB/frontend/src/pages/admin/ShowMap.tsx">
        <metrics statements="33" coveredstatements="20" conditionals="10" coveredconditionals="3" methods="11" coveredmethods="5"/>
        <line num="11" count="1" type="stmt"/>
        <line num="12" count="1" type="stmt"/>
        <line num="13" count="1" type="stmt"/>
        <line num="14" count="1" type="stmt"/>
        <line num="15" count="1" type="stmt"/>
        <line num="16" count="1" type="stmt"/>
        <line num="18" count="1" type="stmt"/>
        <line num="19" count="0" type="stmt"/>
        <line num="20" count="0" type="cond" truecount="0" falsecount="2"/>
        <line num="22" count="0" type="stmt"/>
        <line num="24" count="0" type="stmt"/>
        <line num="29" count="1" type="stmt"/>
        <line num="30" count="0" type="cond" truecount="0" falsecount="2"/>
        <line num="32" count="0" type="stmt"/>
        <line num="33" count="0" type="stmt"/>
        <line num="38" count="1" type="stmt"/>
        <line num="39" count="0" type="cond" truecount="0" falsecount="2"/>
        <line num="41" count="0" type="stmt"/>
        <line num="42" count="0" type="stmt"/>
        <line num="46" count="1" type="stmt"/>
        <line num="47" count="1" type="stmt"/>
        <line num="48" count="1" type="stmt"/>
        <line num="49" count="1" type="stmt"/>
        <line num="50" count="0" type="stmt"/>
        <line num="56" count="1" type="stmt"/>
        <line num="59" count="1" type="stmt"/>
        <line num="60" count="1" type="stmt"/>
        <line num="61" count="1" type="stmt"/>
        <line num="63" count="1" type="stmt"/>
        <line num="64" count="0" type="stmt"/>
        <line num="70" count="1" type="stmt"/>
        <line num="74" count="1" type="stmt"/>
        <line num="85" count="0" type="stmt"/>
      </file>
      <file name="UserListPage.tsx" path="/home/cultivator/dbwebb-kurser/vteam/SvenskaElsparkcyklarAB/frontend/src/pages/admin/UserListPage.tsx">
        <metrics statements="16" coveredstatements="11" conditionals="6" coveredconditionals="1" methods="5" coveredmethods="4"/>
        <line num="18" count="2" type="stmt"/>
        <line num="19" count="2" type="stmt"/>
        <line num="20" count="1" type="stmt"/>
        <line num="21" count="1" type="stmt"/>
        <line num="23" count="1" type="stmt"/>
        <line num="24" count="1" type="stmt"/>
        <line num="25" count="1" type="stmt"/>
        <line num="26" count="1" type="stmt"/>
        <line num="27" count="0" type="stmt"/>
        <line num="29" count="0" type="stmt"/>
        <line num="31" count="0" type="stmt"/>
        <line num="34" count="1" type="stmt"/>
        <line num="37" count="1" type="cond" truecount="1" falsecount="1"/>
        <line num="38" count="1" type="stmt"/>
        <line num="41" count="0" type="stmt"/>
        <line num="47" count="0" type="stmt"/>
      </file>
    </package>
    <package name="src.pages.user">
      <metrics statements="39" coveredstatements="19" conditionals="16" coveredconditionals="11" methods="9" coveredmethods="5"/>
      <file name="CustomerStartPage.tsx" path="/home/cultivator/dbwebb-kurser/vteam/SvenskaElsparkcyklarAB/frontend/src/pages/user/CustomerStartPage.tsx">
        <metrics statements="2" coveredstatements="2" conditionals="0" coveredconditionals="0" methods="1" coveredmethods="1"/>
        <line num="7" count="2" type="stmt"/>
        <line num="8" count="1" type="stmt"/>
      </file>
      <file name="UserInfoPage.tsx" path="/home/cultivator/dbwebb-kurser/vteam/SvenskaElsparkcyklarAB/frontend/src/pages/user/UserInfoPage.tsx">
        <metrics statements="37" coveredstatements="17" conditionals="16" coveredconditionals="11" methods="8" coveredmethods="4"/>
        <line num="13" count="2" type="stmt"/>
        <line num="14" count="2" type="stmt"/>
        <line num="16" count="3" type="stmt"/>
        <line num="17" count="2" type="stmt"/>
        <line num="18" count="2" type="stmt"/>
        <line num="19" count="2" type="stmt"/>
        <line num="20" count="2" type="stmt"/>
        <line num="21" count="2" type="stmt"/>
        <line num="23" count="2" type="stmt"/>
        <line num="24" count="0" type="stmt"/>
        <line num="25" count="0" type="stmt"/>
        <line num="29" count="0" type="stmt"/>
        <line num="30" count="0" type="stmt"/>
        <line num="31" count="0" type="stmt"/>
        <line num="32" count="0" type="stmt"/>
        <line num="35" count="0" type="stmt"/>
        <line num="36" count="0" type="stmt"/>
        <line num="37" count="0" type="cond" truecount="0" falsecount="2"/>
        <line num="41" count="2" type="stmt"/>
        <line num="42" count="1" type="cond" truecount="1" falsecount="1"/>
        <line num="43" count="1" type="stmt"/>
        <line num="44" count="1" type="stmt"/>
        <line num="45" count="1" type="stmt"/>
        <line num="46" count="1" type="stmt"/>
        <line num="47" count="0" type="stmt"/>
        <line num="48" count="0" type="stmt"/>
        <line num="49" count="0" type="stmt"/>
        <line num="50" count="0" type="stmt"/>
        <line num="51" count="0" type="stmt"/>
        <line num="52" count="0" type="stmt"/>
        <line num="53" count="0" type="stmt"/>
        <line num="55" count="0" type="stmt"/>
        <line num="58" count="1" type="stmt"/>
        <line num="61" count="2" type="stmt"/>
        <line num="90" count="0" type="stmt"/>
        <line num="93" count="0" type="stmt"/>
        <line num="102" count="0" type="cond" truecount="0" falsecount="2"/>
      </file>
    </package>
    <package name="src.redux.slices">
      <metrics statements="7" coveredstatements="3" conditionals="0" coveredconditionals="0" methods="4" coveredmethods="0"/>
      <file name="authLogin.ts" path="/home/cultivator/dbwebb-kurser/vteam/SvenskaElsparkcyklarAB/frontend/src/redux/slices/authLogin.ts">
        <metrics statements="7" coveredstatements="3" conditionals="0" coveredconditionals="0" methods="4" coveredmethods="0"/>
        <line num="11" count="20" type="stmt"/>
        <line num="18" count="20" type="stmt"/>
        <line num="23" count="0" type="stmt"/>
        <line num="26" count="0" type="stmt"/>
        <line num="29" count="0" type="stmt"/>
        <line num="32" count="0" type="stmt"/>
        <line num="37" count="20" type="stmt"/>
      </file>
    </package>
    <package name="src.redux.store">
      <metrics statements="5" coveredstatements="5" conditionals="0" coveredconditionals="0" methods="1" coveredmethods="1"/>
      <file name="store.ts" path="/home/cultivator/dbwebb-kurser/vteam/SvenskaElsparkcyklarAB/frontend/src/redux/store/store.ts">
        <metrics statements="5" coveredstatements="5" conditionals="0" coveredconditionals="0" methods="1" coveredmethods="1"/>
        <line num="21" count="20" type="stmt"/>
        <line num="26" count="20" type="stmt"/>
        <line num="27" count="20" type="stmt"/>
        <line num="32" count="20" type="stmt"/>
        <line num="41" count="20" type="stmt"/>
      </file>
    </package>
  </project>
</coverage>
