{"/home/cultivator/dbwebb-kurser/vteam/SvenskaElsparkcyklarAB/frontend/src/App.tsx": {"path":"/home/cultivator/dbwebb-kurser/vteam/SvenskaElsparkcyklarAB/frontend/src/App.tsx","statementMap":{"0":{"start":{"line":25,"column":22},"end":{"line":47,"column":1}},"1":{"start":{"line":26,"column":2},"end":{"line":46,"column":4}}},"fnMap":{"0":{"name":"(anonymous_0)","decl":{"start":{"line":25,"column":22},"end":{"line":25,"column":23}},"loc":{"start":{"line":25,"column":28},"end":{"line":47,"column":1}},"line":25}},"branchMap":{},"s":{"0":1,"1":1},"f":{"0":1},"b":{},"_coverageSchema":"1a1c01bbd47fc00a2c39e90264f33305004495a9","hash":"879f0ce5b515275c28bc7a5c0a81da2e08fe000b"}
,"/home/cultivator/dbwebb-kurser/vteam/SvenskaElsparkcyklarAB/frontend/src/components/AdminGate.tsx": {"path":"/home/cultivator/dbwebb-kurser/vteam/SvenskaElsparkcyklarAB/frontend/src/components/AdminGate.tsx","statementMap":{"0":{"start":{"line":12,"column":39},"end":{"line":12,"column":85}},"1":{"start":{"line":12,"column":74},"end":{"line":12,"column":84}},"2":{"start":{"line":13,"column":21},"end":{"line":13,"column":34}},"3":{"start":{"line":15,"column":52},"end":{"line":15,"column":74}},"4":{"start":{"line":17,"column":32},"end":{"line":30,"column":9}},"5":{"start":{"line":18,"column":8},"end":{"line":29,"column":13}},"6":{"start":{"line":19,"column":16},"end":{"line":26,"column":17}},"7":{"start":{"line":20,"column":37},"end":{"line":20,"column":92}},"8":{"start":{"line":21,"column":20},"end":{"line":21,"column":61}},"9":{"start":{"line":23,"column":39},"end":{"line":23,"column":58}},"10":{"start":{"line":24,"column":20},"end":{"line":24,"column":52}},"11":{"start":{"line":25,"column":20},"end":{"line":25,"column":57}},"12":{"start":{"line":28,"column":16},"end":{"line":28,"column":53}},"13":{"start":{"line":32,"column":4},"end":{"line":34,"column":33}},"14":{"start":{"line":33,"column":8},"end":{"line":33,"column":30}},"15":{"start":{"line":36,"column":4},"end":{"line":45,"column":27}},"16":{"start":{"line":37,"column":8},"end":{"line":38,"column":19}},"17":{"start":{"line":38,"column":12},"end":{"line":38,"column":19}},"18":{"start":{"line":40,"column":8},"end":{"line":43,"column":9}},"19":{"start":{"line":41,"column":12},"end":{"line":41,"column":89}},"20":{"start":{"line":42,"column":12},"end":{"line":42,"column":26}},"21":{"start":{"line":46,"column":2},"end":{"line":46,"column":14}}},"fnMap":{"0":{"name":"AdminGate","decl":{"start":{"line":11,"column":24},"end":{"line":11,"column":33}},"loc":{"start":{"line":11,"column":36},"end":{"line":47,"column":1}},"line":11},"1":{"name":"(anonymous_1)","decl":{"start":{"line":12,"column":51},"end":{"line":12,"column":52}},"loc":{"start":{"line":12,"column":74},"end":{"line":12,"column":84}},"line":12},"2":{"name":"(anonymous_2)","decl":{"start":{"line":17,"column":32},"end":{"line":17,"column":33}},"loc":{"start":{"line":17,"column":44},"end":{"line":30,"column":9}},"line":17},"3":{"name":"(anonymous_3)","decl":{"start":{"line":32,"column":14},"end":{"line":32,"column":15}},"loc":{"start":{"line":32,"column":20},"end":{"line":34,"column":5}},"line":32},"4":{"name":"(anonymous_4)","decl":{"start":{"line":36,"column":14},"end":{"line":36,"column":15}},"loc":{"start":{"line":36,"column":20},"end":{"line":45,"column":5}},"line":36}},"branchMap":{"0":{"loc":{"start":{"line":18,"column":8},"end":{"line":29,"column":13}},"type":"if","locations":[{"start":{"line":18,"column":8},"end":{"line":29,"column":13}},{"start":{"line":27,"column":20},"end":{"line":29,"column":13}}],"line":18},"1":{"loc":{"start":{"line":37,"column":8},"end":{"line":38,"column":19}},"type":"if","locations":[{"start":{"line":37,"column":8},"end":{"line":38,"column":19}},{"start":{},"end":{}}],"line":37},"2":{"loc":{"start":{"line":40,"column":8},"end":{"line":43,"column":9}},"type":"if","locations":[{"start":{"line":40,"column":8},"end":{"line":43,"column":9}},{"start":{},"end":{}}],"line":40}},"s":{"0":21,"1":29,"2":21,"3":21,"4":21,"5":8,"6":2,"7":2,"8":2,"9":0,"10":0,"11":0,"12":6,"13":21,"14":8,"15":21,"16":16,"17":8,"18":8,"19":7,"20":7,"21":21},"f":{"0":21,"1":29,"2":8,"3":8,"4":16},"b":{"0":[2,6],"1":[8,8],"2":[7,1]},"_coverageSchema":"1a1c01bbd47fc00a2c39e90264f33305004495a9","hash":"650055c418fc92f7870db4f6b06f68c9987621f7"}
,"/home/cultivator/dbwebb-kurser/vteam/SvenskaElsparkcyklarAB/frontend/src/components/Header.tsx": {"path":"/home/cultivator/dbwebb-kurser/vteam/SvenskaElsparkcyklarAB/frontend/src/components/Header.tsx","statementMap":{"0":{"start":{"line":15,"column":44},"end":{"line":15,"column":90}},"1":{"start":{"line":15,"column":79},"end":{"line":15,"column":89}},"2":{"start":{"line":18,"column":26},"end":{"line":21,"column":5}},"3":{"start":{"line":19,"column":25},"end":{"line":19,"column":84}},"4":{"start":{"line":20,"column":8},"end":{"line":20,"column":30}},"5":{"start":{"line":23,"column":22},"end":{"line":26,"column":5}},"6":{"start":{"line":24,"column":25},"end":{"line":24,"column":80}},"7":{"start":{"line":25,"column":8},"end":{"line":25,"column":30}},"8":{"start":{"line":28,"column":4},"end":{"line":73,"column":7}},"9":{"start":{"line":63,"column":69},"end":{"line":63,"column":87}}},"fnMap":{"0":{"name":"Header","decl":{"start":{"line":13,"column":24},"end":{"line":13,"column":30}},"loc":{"start":{"line":13,"column":33},"end":{"line":74,"column":1}},"line":13},"1":{"name":"(anonymous_1)","decl":{"start":{"line":15,"column":56},"end":{"line":15,"column":57}},"loc":{"start":{"line":15,"column":79},"end":{"line":15,"column":89}},"line":15},"2":{"name":"(anonymous_2)","decl":{"start":{"line":18,"column":26},"end":{"line":18,"column":27}},"loc":{"start":{"line":18,"column":38},"end":{"line":21,"column":5}},"line":18},"3":{"name":"(anonymous_3)","decl":{"start":{"line":23,"column":22},"end":{"line":23,"column":23}},"loc":{"start":{"line":23,"column":34},"end":{"line":26,"column":5}},"line":23},"4":{"name":"(anonymous_4)","decl":{"start":{"line":63,"column":63},"end":{"line":63,"column":64}},"loc":{"start":{"line":63,"column":69},"end":{"line":63,"column":87}},"line":63}},"branchMap":{"0":{"loc":{"start":{"line":42,"column":10},"end":{"line":42,"column":95}},"type":"binary-expr","locations":[{"start":{"line":42,"column":10},"end":{"line":42,"column":24}},{"start":{"line":42,"column":28},"end":{"line":42,"column":95}}],"line":42},"1":{"loc":{"start":{"line":43,"column":10},"end":{"line":47,"column":15}},"type":"binary-expr","locations":[{"start":{"line":43,"column":10},"end":{"line":43,"column":20}},{"start":{"line":44,"column":12},"end":{"line":47,"column":15}}],"line":43},"2":{"loc":{"start":{"line":50,"column":12},"end":{"line":51,"column":54}},"type":"binary-expr","locations":[{"start":{"line":50,"column":12},"end":{"line":50,"column":23}},{"start":{"line":51,"column":12},"end":{"line":51,"column":54}}],"line":50},"3":{"loc":{"start":{"line":61,"column":74},"end":{"line":61,"column":114}},"type":"cond-expr","locations":[{"start":{"line":61,"column":82},"end":{"line":61,"column":102}},{"start":{"line":61,"column":105},"end":{"line":61,"column":114}}],"line":61},"4":{"loc":{"start":{"line":62,"column":72},"end":{"line":62,"column":95}},"type":"cond-expr","locations":[{"start":{"line":62,"column":80},"end":{"line":62,"column":85}},{"start":{"line":62,"column":88},"end":{"line":62,"column":95}}],"line":62}},"s":{"0":2,"1":4,"2":2,"3":0,"4":0,"5":2,"6":0,"7":0,"8":2,"9":0},"f":{"0":2,"1":4,"2":0,"3":0,"4":0},"b":{"0":[2,0],"1":[2,0],"2":[2,2],"3":[0,2],"4":[0,2]},"_coverageSchema":"1a1c01bbd47fc00a2c39e90264f33305004495a9","hash":"bab7b75097f3389af3da72cce691dfb178df3d50"}
,"/home/cultivator/dbwebb-kurser/vteam/SvenskaElsparkcyklarAB/frontend/src/components/Login.tsx": {"path":"/home/cultivator/dbwebb-kurser/vteam/SvenskaElsparkcyklarAB/frontend/src/components/Login.tsx","statementMap":{"0":{"start":{"line":6,"column":20},"end":{"line":9,"column":3}},"1":{"start":{"line":7,"column":6},"end":{"line":7,"column":25}},"2":{"start":{"line":8,"column":6},"end":{"line":8,"column":40}},"3":{"start":{"line":11,"column":2},"end":{"line":13,"column":3}},"4":{"start":{"line":12,"column":81},"end":{"line":12,"column":93}}},"fnMap":{"0":{"name":"Login","decl":{"start":{"line":4,"column":24},"end":{"line":4,"column":29}},"loc":{"start":{"line":4,"column":42},"end":{"line":14,"column":1}},"line":4},"1":{"name":"(anonymous_1)","decl":{"start":{"line":6,"column":20},"end":{"line":6,"column":21}},"loc":{"start":{"line":6,"column":64},"end":{"line":9,"column":3}},"line":6},"2":{"name":"(anonymous_2)","decl":{"start":{"line":12,"column":74},"end":{"line":12,"column":75}},"loc":{"start":{"line":12,"column":81},"end":{"line":12,"column":93}},"line":12}},"branchMap":{},"s":{"0":5,"1":0,"2":0,"3":5,"4":0},"f":{"0":5,"1":0,"2":0},"b":{},"_coverageSchema":"1a1c01bbd47fc00a2c39e90264f33305004495a9","hash":"951d278cef4cd49c3cb9a7211015f70c056b7b18"}
,"/home/cultivator/dbwebb-kurser/vteam/SvenskaElsparkcyklarAB/frontend/src/components/Logout.tsx": {"path":"/home/cultivator/dbwebb-kurser/vteam/SvenskaElsparkcyklarAB/frontend/src/components/Logout.tsx","statementMap":{"0":{"start":{"line":8,"column":21},"end":{"line":8,"column":34}},"1":{"start":{"line":9,"column":21},"end":{"line":9,"column":34}},"2":{"start":{"line":11,"column":23},"end":{"line":18,"column":5}},"3":{"start":{"line":12,"column":8},"end":{"line":12,"column":27}},"4":{"start":{"line":13,"column":8},"end":{"line":13,"column":40}},"5":{"start":{"line":14,"column":8},"end":{"line":14,"column":39}},"6":{"start":{"line":15,"column":8},"end":{"line":15,"column":31}},"7":{"start":{"line":16,"column":8},"end":{"line":16,"column":35}},"8":{"start":{"line":17,"column":8},"end":{"line":17,"column":22}},"9":{"start":{"line":19,"column":2},"end":{"line":21,"column":3}},"10":{"start":{"line":20,"column":82},"end":{"line":20,"column":95}}},"fnMap":{"0":{"name":"Logout","decl":{"start":{"line":6,"column":24},"end":{"line":6,"column":30}},"loc":{"start":{"line":6,"column":43},"end":{"line":22,"column":1}},"line":6},"1":{"name":"(anonymous_1)","decl":{"start":{"line":11,"column":23},"end":{"line":11,"column":24}},"loc":{"start":{"line":11,"column":79},"end":{"line":18,"column":5}},"line":11},"2":{"name":"(anonymous_2)","decl":{"start":{"line":20,"column":75},"end":{"line":20,"column":76}},"loc":{"start":{"line":20,"column":82},"end":{"line":20,"column":95}},"line":20}},"branchMap":{},"s":{"0":2,"1":2,"2":2,"3":0,"4":0,"5":0,"6":0,"7":0,"8":0,"9":2,"10":0},"f":{"0":2,"1":0,"2":0},"b":{},"_coverageSchema":"1a1c01bbd47fc00a2c39e90264f33305004495a9","hash":"19179c4df871eb8c78c2f14406e4b2d930baadbc"}
,"/home/cultivator/dbwebb-kurser/vteam/SvenskaElsparkcyklarAB/frontend/src/components/Map.tsx": {"path":"/home/cultivator/dbwebb-kurser/vteam/SvenskaElsparkcyklarAB/frontend/src/components/Map.tsx","statementMap":{"0":{"start":{"line":17,"column":46},"end":{"line":17,"column":99}},"1":{"start":{"line":18,"column":17},"end":{"line":18,"column":19}},"2":{"start":{"line":20,"column":4},"end":{"line":24,"column":38}},"3":{"start":{"line":21,"column":8},"end":{"line":23,"column":9}},"4":{"start":{"line":22,"column":12},"end":{"line":22,"column":43}},"5":{"start":{"line":26,"column":2},"end":{"line":46,"column":3}}},"fnMap":{"0":{"name":"Map","decl":{"start":{"line":15,"column":24},"end":{"line":15,"column":27}},"loc":{"start":{"line":15,"column":71},"end":{"line":47,"column":1}},"line":15},"1":{"name":"(anonymous_1)","decl":{"start":{"line":20,"column":14},"end":{"line":20,"column":15}},"loc":{"start":{"line":20,"column":20},"end":{"line":24,"column":5}},"line":20}},"branchMap":{"0":{"loc":{"start":{"line":21,"column":8},"end":{"line":23,"column":9}},"type":"if","locations":[{"start":{"line":21,"column":8},"end":{"line":23,"column":9}},{"start":{},"end":{}}],"line":21},"1":{"loc":{"start":{"line":21,"column":12},"end":{"line":21,"column":32}},"type":"binary-expr","locations":[{"start":{"line":21,"column":12},"end":{"line":21,"column":16}},{"start":{"line":21,"column":20},"end":{"line":21,"column":32}}],"line":21}},"s":{"0":4,"1":4,"2":4,"3":3,"4":1,"5":4},"f":{"0":4,"1":3},"b":{"0":[1,2],"1":[3,2]},"_coverageSchema":"1a1c01bbd47fc00a2c39e90264f33305004495a9","hash":"c41561b1fdcc7cbbe0b7a00163c2002225eae98b"}
,"/home/cultivator/dbwebb-kurser/vteam/SvenskaElsparkcyklarAB/frontend/src/components/MapCenter.tsx": {"path":"/home/cultivator/dbwebb-kurser/vteam/SvenskaElsparkcyklarAB/frontend/src/components/MapCenter.tsx","statementMap":{"0":{"start":{"line":6,"column":16},"end":{"line":6,"column":24}},"1":{"start":{"line":8,"column":4},"end":{"line":10,"column":28}},"2":{"start":{"line":9,"column":8},"end":{"line":9,"column":34}},"3":{"start":{"line":12,"column":4},"end":{"line":12,"column":16}}},"fnMap":{"0":{"name":"MapCenter","decl":{"start":{"line":5,"column":24},"end":{"line":5,"column":33}},"loc":{"start":{"line":5,"column":96},"end":{"line":13,"column":1}},"line":5},"1":{"name":"(anonymous_1)","decl":{"start":{"line":8,"column":14},"end":{"line":8,"column":15}},"loc":{"start":{"line":8,"column":20},"end":{"line":10,"column":5}},"line":8}},"branchMap":{},"s":{"0":5,"1":5,"2":5,"3":5},"f":{"0":5,"1":5},"b":{},"_coverageSchema":"1a1c01bbd47fc00a2c39e90264f33305004495a9","hash":"2aa31b08656283c02ce90fe95011f8afd81a197e"}
,"/home/cultivator/dbwebb-kurser/vteam/SvenskaElsparkcyklarAB/frontend/src/components/Spinner.tsx": {"path":"/home/cultivator/dbwebb-kurser/vteam/SvenskaElsparkcyklarAB/frontend/src/components/Spinner.tsx","statementMap":{"0":{"start":{"line":7,"column":2},"end":{"line":15,"column":10}}},"fnMap":{"0":{"name":"Spinner","decl":{"start":{"line":5,"column":24},"end":{"line":5,"column":31}},"loc":{"start":{"line":5,"column":61},"end":{"line":16,"column":1}},"line":5}},"branchMap":{},"s":{"0":2},"f":{"0":2},"b":{},"_coverageSchema":"1a1c01bbd47fc00a2c39e90264f33305004495a9","hash":"2b7ffdf805c3a76d9e5481ccc319563149764712"}
,"/home/cultivator/dbwebb-kurser/vteam/SvenskaElsparkcyklarAB/frontend/src/components/UserGate.tsx": {"path":"/home/cultivator/dbwebb-kurser/vteam/SvenskaElsparkcyklarAB/frontend/src/components/UserGate.tsx","statementMap":{"0":{"start":{"line":10,"column":39},"end":{"line":10,"column":85}},"1":{"start":{"line":10,"column":74},"end":{"line":10,"column":84}},"2":{"start":{"line":11,"column":21},"end":{"line":11,"column":34}},"3":{"start":{"line":13,"column":52},"end":{"line":13,"column":74}},"4":{"start":{"line":15,"column":4},"end":{"line":33,"column":32}},"5":{"start":{"line":16,"column":36},"end":{"line":29,"column":13}},"6":{"start":{"line":17,"column":12},"end":{"line":28,"column":17}},"7":{"start":{"line":18,"column":20},"end":{"line":25,"column":21}},"8":{"start":{"line":19,"column":41},"end":{"line":19,"column":96}},"9":{"start":{"line":20,"column":24},"end":{"line":20,"column":65}},"10":{"start":{"line":22,"column":43},"end":{"line":22,"column":62}},"11":{"start":{"line":23,"column":24},"end":{"line":23,"column":56}},"12":{"start":{"line":24,"column":24},"end":{"line":24,"column":61}},"13":{"start":{"line":27,"column":20},"end":{"line":27,"column":57}},"14":{"start":{"line":32,"column":8},"end":{"line":32,"column":30}},"15":{"start":{"line":35,"column":4},"end":{"line":44,"column":27}},"16":{"start":{"line":36,"column":8},"end":{"line":37,"column":19}},"17":{"start":{"line":37,"column":12},"end":{"line":37,"column":19}},"18":{"start":{"line":39,"column":8},"end":{"line":42,"column":9}},"19":{"start":{"line":39,"column":44},"end":{"line":39,"column":76}},"20":{"start":{"line":40,"column":12},"end":{"line":40,"column":96}},"21":{"start":{"line":41,"column":12},"end":{"line":41,"column":26}},"22":{"start":{"line":45,"column":2},"end":{"line":45,"column":14}}},"fnMap":{"0":{"name":"UserGate","decl":{"start":{"line":9,"column":24},"end":{"line":9,"column":32}},"loc":{"start":{"line":9,"column":35},"end":{"line":46,"column":1}},"line":9},"1":{"name":"(anonymous_1)","decl":{"start":{"line":10,"column":51},"end":{"line":10,"column":52}},"loc":{"start":{"line":10,"column":74},"end":{"line":10,"column":84}},"line":10},"2":{"name":"(anonymous_2)","decl":{"start":{"line":15,"column":14},"end":{"line":15,"column":15}},"loc":{"start":{"line":15,"column":20},"end":{"line":33,"column":5}},"line":15},"3":{"name":"(anonymous_3)","decl":{"start":{"line":16,"column":36},"end":{"line":16,"column":37}},"loc":{"start":{"line":16,"column":48},"end":{"line":29,"column":13}},"line":16},"4":{"name":"(anonymous_4)","decl":{"start":{"line":35,"column":14},"end":{"line":35,"column":15}},"loc":{"start":{"line":35,"column":20},"end":{"line":44,"column":5}},"line":35},"5":{"name":"(anonymous_5)","decl":{"start":{"line":39,"column":36},"end":{"line":39,"column":37}},"loc":{"start":{"line":39,"column":44},"end":{"line":39,"column":76}},"line":39}},"branchMap":{"0":{"loc":{"start":{"line":17,"column":12},"end":{"line":28,"column":17}},"type":"if","locations":[{"start":{"line":17,"column":12},"end":{"line":28,"column":17}},{"start":{"line":26,"column":24},"end":{"line":28,"column":17}}],"line":17},"1":{"loc":{"start":{"line":36,"column":8},"end":{"line":37,"column":19}},"type":"if","locations":[{"start":{"line":36,"column":8},"end":{"line":37,"column":19}},{"start":{},"end":{}}],"line":36},"2":{"loc":{"start":{"line":39,"column":8},"end":{"line":42,"column":9}},"type":"if","locations":[{"start":{"line":39,"column":8},"end":{"line":42,"column":9}},{"start":{},"end":{}}],"line":39}},"s":{"0":10,"1":15,"2":10,"3":10,"4":10,"5":5,"6":5,"7":3,"8":3,"9":2,"10":0,"11":0,"12":0,"13":2,"14":5,"15":10,"16":9,"17":5,"18":4,"19":4,"20":2,"21":2,"22":10},"f":{"0":10,"1":15,"2":5,"3":5,"4":9,"5":4},"b":{"0":[3,2],"1":[5,4],"2":[2,2]},"_coverageSchema":"1a1c01bbd47fc00a2c39e90264f33305004495a9","hash":"55fb8172f072364909a9c21a859ac641a5724228"}
,"/home/cultivator/dbwebb-kurser/vteam/SvenskaElsparkcyklarAB/frontend/src/components/ZoneTable.tsx": {"path":"/home/cultivator/dbwebb-kurser/vteam/SvenskaElsparkcyklarAB/frontend/src/components/ZoneTable.tsx","statementMap":{"0":{"start":{"line":7,"column":2},"end":{"line":39,"column":3}},"1":{"start":{"line":23,"column":8},"end":{"line":34,"column":20}}},"fnMap":{"0":{"name":"ZoneTable","decl":{"start":{"line":6,"column":24},"end":{"line":6,"column":33}},"loc":{"start":{"line":6,"column":54},"end":{"line":40,"column":1}},"line":6},"1":{"name":"(anonymous_1)","decl":{"start":{"line":22,"column":26},"end":{"line":22,"column":27}},"loc":{"start":{"line":23,"column":8},"end":{"line":34,"column":20}},"line":23}},"branchMap":{},"s":{"0":1,"1":0},"f":{"0":1,"1":0},"b":{},"_coverageSchema":"1a1c01bbd47fc00a2c39e90264f33305004495a9","hash":"99573822b338b0ec0984308fcdef78df53b1909b"}
,"/home/cultivator/dbwebb-kurser/vteam/SvenskaElsparkcyklarAB/frontend/src/helpers/config.tsx": {"path":"/home/cultivator/dbwebb-kurser/vteam/SvenskaElsparkcyklarAB/frontend/src/helpers/config.tsx","statementMap":{"0":{"start":{"line":1,"column":23},"end":{"line":1,"column":49}},"1":{"start":{"line":3,"column":22},"end":{"line":3,"column":64}},"2":{"start":{"line":4,"column":17},"end":{"line":4,"column":39}},"3":{"start":{"line":5,"column":20},"end":{"line":5,"column":59}},"4":{"start":{"line":6,"column":14},"end":{"line":6,"column":26}},"5":{"start":{"line":20,"column":26},"end":{"line":20,"column":109}},"6":{"start":{"line":23,"column":25},"end":{"line":31,"column":2}},"7":{"start":{"line":24,"column":19},"end":{"line":29,"column":5}},"8":{"start":{"line":30,"column":4},"end":{"line":30,"column":18}},"9":{"start":{"line":34,"column":28},"end":{"line":41,"column":2}},"10":{"start":{"line":45,"column":20},"end":{"line":53,"column":22}},"11":{"start":{"line":55,"column":19},"end":{"line":55,"column":50}},"12":{"start":{"line":57,"column":4},"end":{"line":65,"column":7}}},"fnMap":{"0":{"name":"(anonymous_0)","decl":{"start":{"line":23,"column":25},"end":{"line":23,"column":26}},"loc":{"start":{"line":23,"column":67},"end":{"line":31,"column":2}},"line":23},"1":{"name":"giveMarkerPin","decl":{"start":{"line":44,"column":16},"end":{"line":44,"column":29}},"loc":{"start":{"line":44,"column":45},"end":{"line":66,"column":1}},"line":44}},"branchMap":{"0":{"loc":{"start":{"line":26,"column":29},"end":{"line":26,"column":62}},"type":"binary-expr","locations":[{"start":{"line":26,"column":29},"end":{"line":26,"column":40}},{"start":{"line":26,"column":44},"end":{"line":26,"column":62}}],"line":26}},"s":{"0":17,"1":17,"2":17,"3":17,"4":17,"5":17,"6":17,"7":8,"8":8,"9":17,"10":0,"11":0,"12":0},"f":{"0":8,"1":0},"b":{"0":[8,8]},"_coverageSchema":"1a1c01bbd47fc00a2c39e90264f33305004495a9","hash":"fdfb2d54ae1e750344f3a5216ff9121dda251cac"}
,"/home/cultivator/dbwebb-kurser/vteam/SvenskaElsparkcyklarAB/frontend/src/helpers/test-redux.tsx": {"path":"/home/cultivator/dbwebb-kurser/vteam/SvenskaElsparkcyklarAB/frontend/src/helpers/test-redux.tsx","statementMap":{"0":{"start":{"line":23,"column":35},"end":{"line":40,"column":1}},"1":{"start":{"line":28,"column":15},"end":{"line":33,"column":6}},"2":{"start":{"line":34,"column":2},"end":{"line":39,"column":18}}},"fnMap":{"0":{"name":"(anonymous_0)","decl":{"start":{"line":23,"column":35},"end":{"line":23,"column":36}},"loc":{"start":{"line":26,"column":7},"end":{"line":40,"column":1}},"line":26}},"branchMap":{"0":{"loc":{"start":{"line":25,"column":2},"end":{"line":25,"column":21}},"type":"default-arg","locations":[{"start":{"line":25,"column":19},"end":{"line":25,"column":21}}],"line":25}},"s":{"0":20,"1":24,"2":24},"f":{"0":24},"b":{"0":[17]},"_coverageSchema":"1a1c01bbd47fc00a2c39e90264f33305004495a9","hash":"c30ed8c55ce80a2c83432f7ebd16435a93450179"}
,"/home/cultivator/dbwebb-kurser/vteam/SvenskaElsparkcyklarAB/frontend/src/helpers/map/cities.tsx": {"path":"/home/cultivator/dbwebb-kurser/vteam/SvenskaElsparkcyklarAB/frontend/src/helpers/map/cities.tsx","statementMap":{"0":{"start":{"line":7,"column":30},"end":{"line":20,"column":1}}},"fnMap":{},"branchMap":{},"s":{"0":4},"f":{},"b":{},"_coverageSchema":"1a1c01bbd47fc00a2c39e90264f33305004495a9","hash":"b903afd9cde67b784ce698a26e11c06bc936b539"}
,"/home/cultivator/dbwebb-kurser/vteam/SvenskaElsparkcyklarAB/frontend/src/helpers/map/renders.tsx": {"path":"/home/cultivator/dbwebb-kurser/vteam/SvenskaElsparkcyklarAB/frontend/src/helpers/map/renders.tsx","statementMap":{"0":{"start":{"line":7,"column":19},"end":{"line":18,"column":1}},"1":{"start":{"line":8,"column":4},"end":{"line":17,"column":5}},"2":{"start":{"line":10,"column":12},"end":{"line":10,"column":36}},"3":{"start":{"line":12,"column":12},"end":{"line":12,"column":35}},"4":{"start":{"line":14,"column":12},"end":{"line":14,"column":34}},"5":{"start":{"line":16,"column":12},"end":{"line":16,"column":33}},"6":{"start":{"line":20,"column":29},"end":{"line":33,"column":5}},"7":{"start":{"line":21,"column":4},"end":{"line":32,"column":15}},"8":{"start":{"line":22,"column":4},"end":{"line":32,"column":13}},"9":{"start":{"line":35,"column":30},"end":{"line":42,"column":5}},"10":{"start":{"line":36,"column":4},"end":{"line":41,"column":15}},"11":{"start":{"line":37,"column":4},"end":{"line":41,"column":13}},"12":{"start":{"line":44,"column":23},"end":{"line":57,"column":1}},"13":{"start":{"line":45,"column":4},"end":{"line":56,"column":6}},"14":{"start":{"line":46,"column":8},"end":{"line":55,"column":18}},"15":{"start":{"line":46,"column":90},"end":{"line":46,"column":112}}},"fnMap":{"0":{"name":"(anonymous_0)","decl":{"start":{"line":7,"column":19},"end":{"line":7,"column":20}},"loc":{"start":{"line":7,"column":41},"end":{"line":18,"column":1}},"line":7},"1":{"name":"(anonymous_1)","decl":{"start":{"line":20,"column":29},"end":{"line":20,"column":30}},"loc":{"start":{"line":21,"column":4},"end":{"line":32,"column":15}},"line":21},"2":{"name":"(anonymous_2)","decl":{"start":{"line":21,"column":21},"end":{"line":21,"column":22}},"loc":{"start":{"line":22,"column":4},"end":{"line":32,"column":13}},"line":22},"3":{"name":"(anonymous_3)","decl":{"start":{"line":35,"column":30},"end":{"line":35,"column":31}},"loc":{"start":{"line":36,"column":4},"end":{"line":41,"column":15}},"line":36},"4":{"name":"(anonymous_4)","decl":{"start":{"line":36,"column":26},"end":{"line":36,"column":27}},"loc":{"start":{"line":37,"column":4},"end":{"line":41,"column":13}},"line":37},"5":{"name":"(anonymous_5)","decl":{"start":{"line":44,"column":23},"end":{"line":44,"column":24}},"loc":{"start":{"line":45,"column":4},"end":{"line":56,"column":6}},"line":45},"6":{"name":"(anonymous_6)","decl":{"start":{"line":45,"column":18},"end":{"line":45,"column":19}},"loc":{"start":{"line":46,"column":8},"end":{"line":55,"column":18}},"line":46},"7":{"name":"(anonymous_7)","decl":{"start":{"line":46,"column":81},"end":{"line":46,"column":82}},"loc":{"start":{"line":46,"column":90},"end":{"line":46,"column":112}},"line":46}},"branchMap":{"0":{"loc":{"start":{"line":8,"column":4},"end":{"line":17,"column":5}},"type":"switch","locations":[{"start":{"line":9,"column":8},"end":{"line":10,"column":36}},{"start":{"line":11,"column":8},"end":{"line":12,"column":35}},{"start":{"line":13,"column":8},"end":{"line":14,"column":34}},{"start":{"line":15,"column":8},"end":{"line":16,"column":33}}],"line":8},"1":{"loc":{"start":{"line":51,"column":18},"end":{"line":51,"column":77}},"type":"binary-expr","locations":[{"start":{"line":51,"column":18},"end":{"line":51,"column":28}},{"start":{"line":51,"column":32},"end":{"line":51,"column":77}}],"line":51}},"s":{"0":4,"1":0,"2":0,"3":0,"4":0,"5":0,"6":4,"7":4,"8":0,"9":4,"10":0,"11":0,"12":4,"13":4,"14":0,"15":0},"f":{"0":0,"1":4,"2":0,"3":0,"4":0,"5":4,"6":0,"7":0},"b":{"0":[0,0,0,0],"1":[0,0]},"_coverageSchema":"1a1c01bbd47fc00a2c39e90264f33305004495a9","hash":"675081bfdae3f3c8672938ea75b2bd04d99ffc65"}
,"/home/cultivator/dbwebb-kurser/vteam/SvenskaElsparkcyklarAB/frontend/src/pages/Github.tsx": {"path":"/home/cultivator/dbwebb-kurser/vteam/SvenskaElsparkcyklarAB/frontend/src/pages/Github.tsx","statementMap":{"0":{"start":{"line":13,"column":25},"end":{"line":75,"column":1}},"1":{"start":{"line":15,"column":45},"end":{"line":15,"column":62}},"2":{"start":{"line":16,"column":40},"end":{"line":16,"column":55}},"3":{"start":{"line":17,"column":21},"end":{"line":17,"column":34}},"4":{"start":{"line":18,"column":21},"end":{"line":18,"column":34}},"5":{"start":{"line":19,"column":25},"end":{"line":19,"column":38}},"6":{"start":{"line":21,"column":21},"end":{"line":21,"column":71}},"7":{"start":{"line":21,"column":55},"end":{"line":21,"column":70}},"8":{"start":{"line":23,"column":4},"end":{"line":66,"column":35}},"9":{"start":{"line":25,"column":8},"end":{"line":35,"column":9}},"10":{"start":{"line":27,"column":12},"end":{"line":33,"column":13}},"11":{"start":{"line":28,"column":16},"end":{"line":28,"column":44}},"12":{"start":{"line":29,"column":19},"end":{"line":33,"column":13}},"13":{"start":{"line":30,"column":16},"end":{"line":30,"column":47}},"14":{"start":{"line":31,"column":19},"end":{"line":33,"column":13}},"15":{"start":{"line":32,"column":16},"end":{"line":32,"column":60}},"16":{"start":{"line":34,"column":12},"end":{"line":34,"column":19}},"17":{"start":{"line":37,"column":21},"end":{"line":37,"column":45}},"18":{"start":{"line":38,"column":8},"end":{"line":38,"column":50}},"19":{"start":{"line":38,"column":43},"end":{"line":38,"column":50}},"20":{"start":{"line":40,"column":28},"end":{"line":63,"column":9}},"21":{"start":{"line":41,"column":12},"end":{"line":61,"column":13}},"22":{"start":{"line":42,"column":20},"end":{"line":42,"column":48}},"23":{"start":{"line":43,"column":39},"end":{"line":43,"column":71}},"24":{"start":{"line":44,"column":37},"end":{"line":44,"column":90}},"25":{"start":{"line":45,"column":20},"end":{"line":45,"column":42}},"26":{"start":{"line":46,"column":20},"end":{"line":46,"column":67}},"27":{"start":{"line":47,"column":20},"end":{"line":47,"column":74}},"28":{"start":{"line":48,"column":20},"end":{"line":48,"column":51}},"29":{"start":{"line":49,"column":20},"end":{"line":49,"column":40}},"30":{"start":{"line":50,"column":20},"end":{"line":55,"column":21}},"31":{"start":{"line":51,"column":24},"end":{"line":51,"column":44}},"32":{"start":{"line":52,"column":24},"end":{"line":52,"column":51}},"33":{"start":{"line":54,"column":24},"end":{"line":54,"column":50}},"34":{"start":{"line":60,"column":16},"end":{"line":60,"column":35}},"35":{"start":{"line":64,"column":8},"end":{"line":64,"column":22}},"36":{"start":{"line":68,"column":4},"end":{"line":74,"column":6}}},"fnMap":{"0":{"name":"(anonymous_0)","decl":{"start":{"line":13,"column":25},"end":{"line":13,"column":26}},"loc":{"start":{"line":13,"column":31},"end":{"line":75,"column":1}},"line":13},"1":{"name":"(anonymous_1)","decl":{"start":{"line":21,"column":33},"end":{"line":21,"column":34}},"loc":{"start":{"line":21,"column":55},"end":{"line":21,"column":70}},"line":21},"2":{"name":"(anonymous_2)","decl":{"start":{"line":23,"column":14},"end":{"line":23,"column":15}},"loc":{"start":{"line":23,"column":20},"end":{"line":66,"column":5}},"line":23},"3":{"name":"(anonymous_3)","decl":{"start":{"line":40,"column":28},"end":{"line":40,"column":29}},"loc":{"start":{"line":40,"column":39},"end":{"line":63,"column":9}},"line":40}},"branchMap":{"0":{"loc":{"start":{"line":25,"column":8},"end":{"line":35,"column":9}},"type":"if","locations":[{"start":{"line":25,"column":8},"end":{"line":35,"column":9}},{"start":{},"end":{}}],"line":25},"1":{"loc":{"start":{"line":27,"column":12},"end":{"line":33,"column":13}},"type":"if","locations":[{"start":{"line":27,"column":12},"end":{"line":33,"column":13}},{"start":{"line":29,"column":19},"end":{"line":33,"column":13}}],"line":27},"2":{"loc":{"start":{"line":29,"column":19},"end":{"line":33,"column":13}},"type":"if","locations":[{"start":{"line":29,"column":19},"end":{"line":33,"column":13}},{"start":{"line":31,"column":19},"end":{"line":33,"column":13}}],"line":29},"3":{"loc":{"start":{"line":31,"column":19},"end":{"line":33,"column":13}},"type":"if","locations":[{"start":{"line":31,"column":19},"end":{"line":33,"column":13}},{"start":{},"end":{}}],"line":31},"4":{"loc":{"start":{"line":38,"column":8},"end":{"line":38,"column":50}},"type":"if","locations":[{"start":{"line":38,"column":8},"end":{"line":38,"column":50}},{"start":{},"end":{}}],"line":38},"5":{"loc":{"start":{"line":38,"column":12},"end":{"line":38,"column":41}},"type":"binary-expr","locations":[{"start":{"line":38,"column":12},"end":{"line":38,"column":17}},{"start":{"line":38,"column":21},"end":{"line":38,"column":41}}],"line":38},"6":{"loc":{"start":{"line":50,"column":20},"end":{"line":55,"column":21}},"type":"if","locations":[{"start":{"line":50,"column":20},"end":{"line":55,"column":21}},{"start":{"line":53,"column":27},"end":{"line":55,"column":21}}],"line":50}},"s":{"0":2,"1":1,"2":1,"3":1,"4":1,"5":1,"6":1,"7":2,"8":1,"9":1,"10":0,"11":0,"12":0,"13":0,"14":0,"15":0,"16":0,"17":1,"18":1,"19":1,"20":0,"21":0,"22":0,"23":0,"24":0,"25":0,"26":0,"27":0,"28":0,"29":0,"30":0,"31":0,"32":0,"33":0,"34":0,"35":0,"36":1},"f":{"0":1,"1":2,"2":1,"3":0},"b":{"0":[0,1],"1":[0,0],"2":[0,0],"3":[0,0],"4":[1,0],"5":[1,0],"6":[0,0]},"_coverageSchema":"1a1c01bbd47fc00a2c39e90264f33305004495a9","hash":"95875e5a4288c7f5ec19f62809764d66ecc9161c"}
,"/home/cultivator/dbwebb-kurser/vteam/SvenskaElsparkcyklarAB/frontend/src/pages/HomePage.tsx": {"path":"/home/cultivator/dbwebb-kurser/vteam/SvenskaElsparkcyklarAB/frontend/src/pages/HomePage.tsx","statementMap":{"0":{"start":{"line":6,"column":27},"end":{"line":28,"column":1}},"1":{"start":{"line":8,"column":25},"end":{"line":8,"column":71}},"2":{"start":{"line":8,"column":60},"end":{"line":8,"column":70}},"3":{"start":{"line":10,"column":2},"end":{"line":27,"column":4}}},"fnMap":{"0":{"name":"(anonymous_0)","decl":{"start":{"line":6,"column":27},"end":{"line":6,"column":28}},"loc":{"start":{"line":6,"column":33},"end":{"line":28,"column":1}},"line":6},"1":{"name":"(anonymous_1)","decl":{"start":{"line":8,"column":37},"end":{"line":8,"column":38}},"loc":{"start":{"line":8,"column":60},"end":{"line":8,"column":70}},"line":8}},"branchMap":{"0":{"loc":{"start":{"line":12,"column":10},"end":{"line":24,"column":11}},"type":"cond-expr","locations":[{"start":{"line":15,"column":8},"end":{"line":17,"column":16}},{"start":{"line":20,"column":11},"end":{"line":23,"column":13}}],"line":12}},"s":{"0":2,"1":2,"2":4,"3":2},"f":{"0":2,"1":4},"b":{"0":[0,2]},"_coverageSchema":"1a1c01bbd47fc00a2c39e90264f33305004495a9","hash":"ac94e39145f6225ecf3f59d540a71a1dbc6f1b6d"}
,"/home/cultivator/dbwebb-kurser/vteam/SvenskaElsparkcyklarAB/frontend/src/pages/admin/AdminMapNavigation.tsx": {"path":"/home/cultivator/dbwebb-kurser/vteam/SvenskaElsparkcyklarAB/frontend/src/pages/admin/AdminMapNavigation.tsx","statementMap":{"0":{"start":{"line":8,"column":37},"end":{"line":45,"column":1}},"1":{"start":{"line":9,"column":19},"end":{"line":9,"column":32}},"2":{"start":{"line":11,"column":17},"end":{"line":15,"column":3}},"3":{"start":{"line":17,"column":2},"end":{"line":44,"column":4}},"4":{"start":{"line":25,"column":10},"end":{"line":40,"column":19}},"5":{"start":{"line":27,"column":27},"end":{"line":27,"column":47}}},"fnMap":{"0":{"name":"(anonymous_0)","decl":{"start":{"line":8,"column":37},"end":{"line":8,"column":38}},"loc":{"start":{"line":8,"column":43},"end":{"line":45,"column":1}},"line":8},"1":{"name":"(anonymous_1)","decl":{"start":{"line":24,"column":20},"end":{"line":24,"column":21}},"loc":{"start":{"line":25,"column":10},"end":{"line":40,"column":19}},"line":25},"2":{"name":"(anonymous_2)","decl":{"start":{"line":27,"column":21},"end":{"line":27,"column":22}},"loc":{"start":{"line":27,"column":27},"end":{"line":27,"column":47}},"line":27}},"branchMap":{},"s":{"0":2,"1":2,"2":2,"3":2,"4":6,"5":0},"f":{"0":2,"1":6,"2":0},"b":{},"_coverageSchema":"1a1c01bbd47fc00a2c39e90264f33305004495a9","hash":"1786f8b6d110bbf5ab86169db181ccd9fa4208a2"}
,"/home/cultivator/dbwebb-kurser/vteam/SvenskaElsparkcyklarAB/frontend/src/pages/admin/AdminStartPage.tsx": {"path":"/home/cultivator/dbwebb-kurser/vteam/SvenskaElsparkcyklarAB/frontend/src/pages/admin/AdminStartPage.tsx","statementMap":{"0":{"start":{"line":7,"column":33},"end":{"line":38,"column":5}},"1":{"start":{"line":9,"column":2},"end":{"line":37,"column":8}}},"fnMap":{"0":{"name":"(anonymous_0)","decl":{"start":{"line":7,"column":33},"end":{"line":7,"column":34}},"loc":{"start":{"line":7,"column":39},"end":{"line":38,"column":5}},"line":7}},"branchMap":{},"s":{"0":2,"1":1},"f":{"0":1},"b":{},"_coverageSchema":"1a1c01bbd47fc00a2c39e90264f33305004495a9","hash":"acf7c7901cc74ad34fa71783a0a4deff7fd584a2"}
,"/home/cultivator/dbwebb-kurser/vteam/SvenskaElsparkcyklarAB/frontend/src/pages/admin/AdminUserOverviewPage.tsx": {"path":"/home/cultivator/dbwebb-kurser/vteam/SvenskaElsparkcyklarAB/frontend/src/pages/admin/AdminUserOverviewPage.tsx","statementMap":{"0":{"start":{"line":26,"column":40},"end":{"line":210,"column":1}},"1":{"start":{"line":27,"column":23},"end":{"line":27,"column":56}},"2":{"start":{"line":28,"column":20},"end":{"line":28,"column":65}},"3":{"start":{"line":28,"column":54},"end":{"line":28,"column":64}},"4":{"start":{"line":29,"column":26},"end":{"line":29,"column":53}},"5":{"start":{"line":30,"column":32},"end":{"line":30,"column":46}},"6":{"start":{"line":31,"column":30},"end":{"line":31,"column":45}},"7":{"start":{"line":32,"column":32},"end":{"line":32,"column":47}},"8":{"start":{"line":33,"column":36},"end":{"line":33,"column":48}},"9":{"start":{"line":34,"column":34},"end":{"line":34,"column":46}},"10":{"start":{"line":35,"column":28},"end":{"line":35,"column":40}},"11":{"start":{"line":36,"column":50},"end":{"line":36,"column":65}},"12":{"start":{"line":37,"column":36},"end":{"line":37,"column":48}},"13":{"start":{"line":38,"column":50},"end":{"line":38,"column":65}},"14":{"start":{"line":39,"column":48},"end":{"line":39,"column":59}},"15":{"start":{"line":40,"column":32},"end":{"line":40,"column":43}},"16":{"start":{"line":43,"column":25},"end":{"line":66,"column":3}},"17":{"start":{"line":44,"column":4},"end":{"line":44,"column":23}},"18":{"start":{"line":45,"column":24},"end":{"line":55,"column":7}},"19":{"start":{"line":56,"column":4},"end":{"line":65,"column":5}},"20":{"start":{"line":57,"column":23},"end":{"line":57,"column":103}},"21":{"start":{"line":58,"column":6},"end":{"line":58,"column":28}},"22":{"start":{"line":59,"column":6},"end":{"line":59,"column":40}},"23":{"start":{"line":62,"column":25},"end":{"line":62,"column":44}},"24":{"start":{"line":63,"column":6},"end":{"line":63,"column":64}},"25":{"start":{"line":64,"column":6},"end":{"line":64,"column":74}},"26":{"start":{"line":70,"column":2},"end":{"line":97,"column":17}},"27":{"start":{"line":71,"column":24},"end":{"line":92,"column":5}},"28":{"start":{"line":72,"column":6},"end":{"line":91,"column":7}},"29":{"start":{"line":73,"column":25},"end":{"line":73,"column":90}},"30":{"start":{"line":74,"column":8},"end":{"line":74,"column":31}},"31":{"start":{"line":75,"column":21},"end":{"line":75,"column":34}},"32":{"start":{"line":76,"column":8},"end":{"line":76,"column":47}},"33":{"start":{"line":77,"column":8},"end":{"line":77,"column":49}},"34":{"start":{"line":78,"column":8},"end":{"line":78,"column":35}},"35":{"start":{"line":79,"column":8},"end":{"line":79,"column":29}},"36":{"start":{"line":80,"column":8},"end":{"line":80,"column":37}},"37":{"start":{"line":81,"column":8},"end":{"line":81,"column":51}},"38":{"start":{"line":82,"column":8},"end":{"line":82,"column":43}},"39":{"start":{"line":83,"column":8},"end":{"line":83,"column":51}},"40":{"start":{"line":84,"column":8},"end":{"line":84,"column":49}},"41":{"start":{"line":85,"column":8},"end":{"line":85,"column":33}},"42":{"start":{"line":88,"column":8},"end":{"line":88,"column":59}},"43":{"start":{"line":90,"column":8},"end":{"line":90,"column":26}},"44":{"start":{"line":94,"column":4},"end":{"line":96,"column":5}},"45":{"start":{"line":95,"column":6},"end":{"line":95,"column":20}},"46":{"start":{"line":99,"column":2},"end":{"line":101,"column":3}},"47":{"start":{"line":100,"column":4},"end":{"line":100,"column":84}},"48":{"start":{"line":103,"column":2},"end":{"line":105,"column":3}},"49":{"start":{"line":104,"column":4},"end":{"line":104,"column":87}},"50":{"start":{"line":107,"column":2},"end":{"line":209,"column":4}},"51":{"start":{"line":139,"column":48},"end":{"line":139,"column":65}},"52":{"start":{"line":143,"column":106},"end":{"line":143,"column":133}},"53":{"start":{"line":153,"column":105},"end":{"line":153,"column":129}},"54":{"start":{"line":163,"column":141},"end":{"line":163,"column":175}},"55":{"start":{"line":171,"column":88},"end":{"line":171,"column":106}},"56":{"start":{"line":175,"column":90},"end":{"line":175,"column":110}},"57":{"start":{"line":179,"column":119},"end":{"line":179,"column":157}},"58":{"start":{"line":180,"column":125},"end":{"line":180,"column":163}},"59":{"start":{"line":184,"column":116},"end":{"line":184,"column":167}},"60":{"start":{"line":189,"column":104},"end":{"line":189,"column":147}}},"fnMap":{"0":{"name":"(anonymous_0)","decl":{"start":{"line":26,"column":40},"end":{"line":26,"column":41}},"loc":{"start":{"line":26,"column":46},"end":{"line":210,"column":1}},"line":26},"1":{"name":"(anonymous_1)","decl":{"start":{"line":28,"column":32},"end":{"line":28,"column":33}},"loc":{"start":{"line":28,"column":54},"end":{"line":28,"column":64}},"line":28},"2":{"name":"(anonymous_2)","decl":{"start":{"line":43,"column":25},"end":{"line":43,"column":26}},"loc":{"start":{"line":43,"column":72},"end":{"line":66,"column":3}},"line":43},"3":{"name":"(anonymous_3)","decl":{"start":{"line":70,"column":12},"end":{"line":70,"column":13}},"loc":{"start":{"line":70,"column":18},"end":{"line":97,"column":3}},"line":70},"4":{"name":"(anonymous_4)","decl":{"start":{"line":71,"column":24},"end":{"line":71,"column":25}},"loc":{"start":{"line":71,"column":36},"end":{"line":92,"column":5}},"line":71},"5":{"name":"(anonymous_5)","decl":{"start":{"line":139,"column":41},"end":{"line":139,"column":42}},"loc":{"start":{"line":139,"column":48},"end":{"line":139,"column":65}},"line":139},"6":{"name":"(anonymous_6)","decl":{"start":{"line":143,"column":100},"end":{"line":143,"column":101}},"loc":{"start":{"line":143,"column":106},"end":{"line":143,"column":133}},"line":143},"7":{"name":"(anonymous_7)","decl":{"start":{"line":153,"column":99},"end":{"line":153,"column":100}},"loc":{"start":{"line":153,"column":105},"end":{"line":153,"column":129}},"line":153},"8":{"name":"(anonymous_8)","decl":{"start":{"line":163,"column":135},"end":{"line":163,"column":136}},"loc":{"start":{"line":163,"column":141},"end":{"line":163,"column":175}},"line":163},"9":{"name":"(anonymous_9)","decl":{"start":{"line":171,"column":84},"end":{"line":171,"column":85}},"loc":{"start":{"line":171,"column":88},"end":{"line":171,"column":106}},"line":171},"10":{"name":"(anonymous_10)","decl":{"start":{"line":175,"column":86},"end":{"line":175,"column":87}},"loc":{"start":{"line":175,"column":90},"end":{"line":175,"column":110}},"line":175},"11":{"name":"(anonymous_11)","decl":{"start":{"line":179,"column":113},"end":{"line":179,"column":114}},"loc":{"start":{"line":179,"column":119},"end":{"line":179,"column":157}},"line":179},"12":{"name":"(anonymous_12)","decl":{"start":{"line":180,"column":119},"end":{"line":180,"column":120}},"loc":{"start":{"line":180,"column":125},"end":{"line":180,"column":163}},"line":180},"13":{"name":"(anonymous_13)","decl":{"start":{"line":184,"column":110},"end":{"line":184,"column":111}},"loc":{"start":{"line":184,"column":116},"end":{"line":184,"column":167}},"line":184},"14":{"name":"(anonymous_14)","decl":{"start":{"line":189,"column":98},"end":{"line":189,"column":99}},"loc":{"start":{"line":189,"column":104},"end":{"line":189,"column":147}},"line":189}},"branchMap":{"0":{"loc":{"start":{"line":49,"column":16},"end":{"line":49,"column":34}},"type":"binary-expr","locations":[{"start":{"line":49,"column":16},"end":{"line":49,"column":23}},{"start":{"line":49,"column":27},"end":{"line":49,"column":34}}],"line":49},"1":{"loc":{"start":{"line":49,"column":36},"end":{"line":49,"column":52}},"type":"binary-expr","locations":[{"start":{"line":49,"column":36},"end":{"line":49,"column":42}},{"start":{"line":49,"column":46},"end":{"line":49,"column":52}}],"line":49},"2":{"loc":{"start":{"line":64,"column":30},"end":{"line":64,"column":72}},"type":"binary-expr","locations":[{"start":{"line":64,"column":30},"end":{"line":64,"column":49}},{"start":{"line":64,"column":53},"end":{"line":64,"column":72}}],"line":64},"3":{"loc":{"start":{"line":82,"column":21},"end":{"line":82,"column":41}},"type":"binary-expr","locations":[{"start":{"line":82,"column":21},"end":{"line":82,"column":35}},{"start":{"line":82,"column":39},"end":{"line":82,"column":41}}],"line":82},"4":{"loc":{"start":{"line":94,"column":4},"end":{"line":96,"column":5}},"type":"if","locations":[{"start":{"line":94,"column":4},"end":{"line":96,"column":5}},{"start":{},"end":{}}],"line":94},"5":{"loc":{"start":{"line":99,"column":2},"end":{"line":101,"column":3}},"type":"if","locations":[{"start":{"line":99,"column":2},"end":{"line":101,"column":3}},{"start":{},"end":{}}],"line":99},"6":{"loc":{"start":{"line":103,"column":2},"end":{"line":105,"column":3}},"type":"if","locations":[{"start":{"line":103,"column":2},"end":{"line":105,"column":3}},{"start":{},"end":{}}],"line":103},"7":{"loc":{"start":{"line":163,"column":154},"end":{"line":163,"column":174}},"type":"binary-expr","locations":[{"start":{"line":163,"column":154},"end":{"line":163,"column":168}},{"start":{"line":163,"column":172},"end":{"line":163,"column":174}}],"line":163},"8":{"loc":{"start":{"line":184,"column":135},"end":{"line":184,"column":166}},"type":"binary-expr","locations":[{"start":{"line":184,"column":135},"end":{"line":184,"column":161}},{"start":{"line":184,"column":165},"end":{"line":184,"column":166}}],"line":184},"9":{"loc":{"start":{"line":189,"column":115},"end":{"line":189,"column":146}},"type":"binary-expr","locations":[{"start":{"line":189,"column":115},"end":{"line":189,"column":141}},{"start":{"line":189,"column":145},"end":{"line":189,"column":146}}],"line":189}},"s":{"0":2,"1":1,"2":1,"3":2,"4":1,"5":1,"6":1,"7":1,"8":1,"9":1,"10":1,"11":1,"12":1,"13":1,"14":1,"15":1,"16":1,"17":0,"18":0,"19":0,"20":0,"21":0,"22":0,"23":0,"24":0,"25":0,"26":1,"27":1,"28":0,"29":0,"30":0,"31":0,"32":0,"33":0,"34":0,"35":0,"36":0,"37":0,"38":0,"39":0,"40":0,"41":0,"42":0,"43":0,"44":1,"45":0,"46":1,"47":1,"48":0,"49":0,"50":0,"51":0,"52":0,"53":0,"54":0,"55":0,"56":0,"57":0,"58":0,"59":0,"60":0},"f":{"0":1,"1":2,"2":0,"3":1,"4":0,"5":0,"6":0,"7":0,"8":0,"9":0,"10":0,"11":0,"12":0,"13":0,"14":0},"b":{"0":[0,0],"1":[0,0],"2":[0,0],"3":[0,0],"4":[0,1],"5":[1,0],"6":[0,0],"7":[0,0],"8":[0,0],"9":[0,0]},"_coverageSchema":"1a1c01bbd47fc00a2c39e90264f33305004495a9","hash":"a3a8f851e4f0eec2a8e94e5e65212bd971133608"}
,"/home/cultivator/dbwebb-kurser/vteam/SvenskaElsparkcyklarAB/frontend/src/pages/admin/AllBikes.tsx": {"path":"/home/cultivator/dbwebb-kurser/vteam/SvenskaElsparkcyklarAB/frontend/src/pages/admin/AllBikes.tsx","statementMap":{"0":{"start":{"line":13,"column":42},"end":{"line":13,"column":65}},"1":{"start":{"line":14,"column":22},"end":{"line":14,"column":68}},"2":{"start":{"line":14,"column":57},"end":{"line":14,"column":67}},"3":{"start":{"line":16,"column":4},"end":{"line":27,"column":11}},"4":{"start":{"line":17,"column":30},"end":{"line":25,"column":7}},"5":{"start":{"line":18,"column":8},"end":{"line":24,"column":13}},"6":{"start":{"line":19,"column":33},"end":{"line":19,"column":85}},"7":{"start":{"line":20,"column":16},"end":{"line":20,"column":46}},"8":{"start":{"line":26,"column":6},"end":{"line":26,"column":22}},"9":{"start":{"line":30,"column":2},"end":{"line":57,"column":3}},"10":{"start":{"line":39,"column":28},"end":{"line":50,"column":33}}},"fnMap":{"0":{"name":"AllBikes","decl":{"start":{"line":12,"column":24},"end":{"line":12,"column":32}},"loc":{"start":{"line":12,"column":35},"end":{"line":58,"column":1}},"line":12},"1":{"name":"(anonymous_1)","decl":{"start":{"line":14,"column":34},"end":{"line":14,"column":35}},"loc":{"start":{"line":14,"column":57},"end":{"line":14,"column":67}},"line":14},"2":{"name":"(anonymous_2)","decl":{"start":{"line":16,"column":14},"end":{"line":16,"column":15}},"loc":{"start":{"line":16,"column":20},"end":{"line":27,"column":7}},"line":16},"3":{"name":"(anonymous_3)","decl":{"start":{"line":17,"column":30},"end":{"line":17,"column":31}},"loc":{"start":{"line":17,"column":41},"end":{"line":25,"column":7}},"line":17},"4":{"name":"(anonymous_4)","decl":{"start":{"line":38,"column":41},"end":{"line":38,"column":42}},"loc":{"start":{"line":39,"column":28},"end":{"line":50,"column":33}},"line":39}},"branchMap":{"0":{"loc":{"start":{"line":34,"column":17},"end":{"line":55,"column":17}},"type":"cond-expr","locations":[{"start":{"line":35,"column":20},"end":{"line":53,"column":26}},{"start":{"line":54,"column":20},"end":{"line":54,"column":51}}],"line":34}},"s":{"0":1,"1":1,"2":2,"3":1,"4":1,"5":1,"6":1,"7":0,"8":1,"9":1,"10":0},"f":{"0":1,"1":2,"2":1,"3":1,"4":0},"b":{"0":[0,1]},"_coverageSchema":"1a1c01bbd47fc00a2c39e90264f33305004495a9","hash":"d3df9d3645e1086c1bac76f348f5966049b479c2"}
,"/home/cultivator/dbwebb-kurser/vteam/SvenskaElsparkcyklarAB/frontend/src/pages/admin/AllZones.tsx": {"path":"/home/cultivator/dbwebb-kurser/vteam/SvenskaElsparkcyklarAB/frontend/src/pages/admin/AllZones.tsx","statementMap":{"0":{"start":{"line":14,"column":28},"end":{"line":14,"column":49}},"1":{"start":{"line":15,"column":50},"end":{"line":15,"column":68}},"2":{"start":{"line":16,"column":50},"end":{"line":16,"column":68}},"3":{"start":{"line":17,"column":46},"end":{"line":17,"column":64}},"4":{"start":{"line":18,"column":38},"end":{"line":18,"column":59}},"5":{"start":{"line":19,"column":38},"end":{"line":19,"column":50}},"6":{"start":{"line":21,"column":23},"end":{"line":26,"column":5}},"7":{"start":{"line":22,"column":29},"end":{"line":22,"column":85}},"8":{"start":{"line":23,"column":8},"end":{"line":25,"column":9}},"9":{"start":{"line":24,"column":12},"end":{"line":24,"column":34}},"10":{"start":{"line":28,"column":25},"end":{"line":52,"column":5}},"11":{"start":{"line":29,"column":8},"end":{"line":29,"column":27}},"12":{"start":{"line":30,"column":8},"end":{"line":50,"column":9}},"13":{"start":{"line":32,"column":36},"end":{"line":32,"column":111}},"14":{"start":{"line":33,"column":36},"end":{"line":33,"column":112}},"15":{"start":{"line":34,"column":12},"end":{"line":34,"column":59}},"16":{"start":{"line":35,"column":12},"end":{"line":35,"column":59}},"17":{"start":{"line":36,"column":31},"end":{"line":36,"column":95}},"18":{"start":{"line":37,"column":12},"end":{"line":37,"column":41}},"19":{"start":{"line":38,"column":35},"end":{"line":38,"column":37}},"20":{"start":{"line":39,"column":12},"end":{"line":43,"column":15}},"21":{"start":{"line":40,"column":16},"end":{"line":42,"column":17}},"22":{"start":{"line":41,"column":20},"end":{"line":41,"column":53}},"23":{"start":{"line":44,"column":12},"end":{"line":44,"column":32}},"24":{"start":{"line":45,"column":12},"end":{"line":45,"column":31}},"25":{"start":{"line":49,"column":12},"end":{"line":49,"column":31}},"26":{"start":{"line":54,"column":4},"end":{"line":113,"column":6}},"27":{"start":{"line":62,"column":72},"end":{"line":62,"column":85}},"28":{"start":{"line":71,"column":80},"end":{"line":71,"column":95}},"29":{"start":{"line":81,"column":28},"end":{"line":91,"column":30}},"30":{"start":{"line":98,"column":28},"end":{"line":107,"column":30}}},"fnMap":{"0":{"name":"AllZones","decl":{"start":{"line":13,"column":24},"end":{"line":13,"column":32}},"loc":{"start":{"line":13,"column":35},"end":{"line":114,"column":1}},"line":13},"1":{"name":"(anonymous_1)","decl":{"start":{"line":21,"column":23},"end":{"line":21,"column":24}},"loc":{"start":{"line":21,"column":67},"end":{"line":26,"column":5}},"line":21},"2":{"name":"(anonymous_2)","decl":{"start":{"line":28,"column":25},"end":{"line":28,"column":26}},"loc":{"start":{"line":28,"column":87},"end":{"line":52,"column":5}},"line":28},"3":{"name":"(anonymous_3)","decl":{"start":{"line":39,"column":27},"end":{"line":39,"column":28}},"loc":{"start":{"line":39,"column":43},"end":{"line":43,"column":13}},"line":39},"4":{"name":"(anonymous_4)","decl":{"start":{"line":62,"column":65},"end":{"line":62,"column":66}},"loc":{"start":{"line":62,"column":72},"end":{"line":62,"column":85}},"line":62},"5":{"name":"(anonymous_5)","decl":{"start":{"line":71,"column":73},"end":{"line":71,"column":74}},"loc":{"start":{"line":71,"column":80},"end":{"line":71,"column":95}},"line":71},"6":{"name":"(anonymous_6)","decl":{"start":{"line":80,"column":45},"end":{"line":80,"column":46}},"loc":{"start":{"line":81,"column":28},"end":{"line":91,"column":30}},"line":81},"7":{"name":"(anonymous_7)","decl":{"start":{"line":97,"column":45},"end":{"line":97,"column":46}},"loc":{"start":{"line":98,"column":28},"end":{"line":107,"column":30}},"line":98}},"branchMap":{"0":{"loc":{"start":{"line":23,"column":8},"end":{"line":25,"column":9}},"type":"if","locations":[{"start":{"line":23,"column":8},"end":{"line":25,"column":9}},{"start":{},"end":{}}],"line":23},"1":{"loc":{"start":{"line":23,"column":12},"end":{"line":23,"column":103}},"type":"binary-expr","locations":[{"start":{"line":23,"column":12},"end":{"line":23,"column":39}},{"start":{"line":23,"column":43},"end":{"line":23,"column":71}},{"start":{"line":23,"column":75},"end":{"line":23,"column":103}}],"line":23},"2":{"loc":{"start":{"line":40,"column":16},"end":{"line":42,"column":17}},"type":"if","locations":[{"start":{"line":40,"column":16},"end":{"line":42,"column":17}},{"start":{},"end":{}}],"line":40},"3":{"loc":{"start":{"line":63,"column":25},"end":{"line":63,"column":93}},"type":"binary-expr","locations":[{"start":{"line":63,"column":25},"end":{"line":63,"column":45}},{"start":{"line":63,"column":49},"end":{"line":63,"column":93}}],"line":63},"4":{"loc":{"start":{"line":76,"column":43},"end":{"line":76,"column":62}},"type":"binary-expr","locations":[{"start":{"line":76,"column":43},"end":{"line":76,"column":56}},{"start":{"line":76,"column":60},"end":{"line":76,"column":62}}],"line":76},"5":{"loc":{"start":{"line":76,"column":77},"end":{"line":76,"column":92}},"type":"binary-expr","locations":[{"start":{"line":76,"column":77},"end":{"line":76,"column":86}},{"start":{"line":76,"column":90},"end":{"line":76,"column":92}}],"line":76}},"s":{"0":1,"1":1,"2":1,"3":1,"4":1,"5":1,"6":1,"7":0,"8":0,"9":0,"10":1,"11":0,"12":0,"13":0,"14":0,"15":0,"16":0,"17":0,"18":0,"19":0,"20":0,"21":0,"22":0,"23":0,"24":0,"25":0,"26":1,"27":0,"28":0,"29":0,"30":0},"f":{"0":1,"1":0,"2":0,"3":0,"4":0,"5":0,"6":0,"7":0},"b":{"0":[0,0],"1":[0,0,0],"2":[0,0],"3":[1,1],"4":[1,1],"5":[1,1]},"_coverageSchema":"1a1c01bbd47fc00a2c39e90264f33305004495a9","hash":"3aea6cad459be8057a3b73e4f570d8350c62d829"}
,"/home/cultivator/dbwebb-kurser/vteam/SvenskaElsparkcyklarAB/frontend/src/pages/admin/ShowMap.tsx": {"path":"/home/cultivator/dbwebb-kurser/vteam/SvenskaElsparkcyklarAB/frontend/src/pages/admin/ShowMap.tsx","statementMap":{"0":{"start":{"line":11,"column":22},"end":{"line":11,"column":33}},"1":{"start":{"line":12,"column":36},"end":{"line":12,"column":56}},"2":{"start":{"line":13,"column":42},"end":{"line":13,"column":65}},"3":{"start":{"line":14,"column":36},"end":{"line":14,"column":51}},"4":{"start":{"line":15,"column":21},"end":{"line":15,"column":48}},"5":{"start":{"line":16,"column":34},"end":{"line":16,"column":45}},"6":{"start":{"line":18,"column":27},"end":{"line":27,"column":5}},"7":{"start":{"line":19,"column":6},"end":{"line":19,"column":29}},"8":{"start":{"line":20,"column":6},"end":{"line":25,"column":7}},"9":{"start":{"line":22,"column":8},"end":{"line":22,"column":20}},"10":{"start":{"line":24,"column":8},"end":{"line":24,"column":21}},"11":{"start":{"line":29,"column":23},"end":{"line":36,"column":3}},"12":{"start":{"line":30,"column":6},"end":{"line":35,"column":9}},"13":{"start":{"line":32,"column":10},"end":{"line":34,"column":19}},"14":{"start":{"line":33,"column":12},"end":{"line":33,"column":43}},"15":{"start":{"line":33,"column":33},"end":{"line":33,"column":41}},"16":{"start":{"line":38,"column":20},"end":{"line":44,"column":3}},"17":{"start":{"line":39,"column":6},"end":{"line":43,"column":9}},"18":{"start":{"line":41,"column":10},"end":{"line":41,"column":42}},"19":{"start":{"line":42,"column":10},"end":{"line":42,"column":34}},"20":{"start":{"line":46,"column":4},"end":{"line":57,"column":22}},"21":{"start":{"line":47,"column":28},"end":{"line":55,"column":5}},"22":{"start":{"line":48,"column":6},"end":{"line":54,"column":11}},"23":{"start":{"line":49,"column":31},"end":{"line":49,"column":78}},"24":{"start":{"line":50,"column":14},"end":{"line":50,"column":44}},"25":{"start":{"line":56,"column":4},"end":{"line":56,"column":20}},"26":{"start":{"line":59,"column":4},"end":{"line":71,"column":22}},"27":{"start":{"line":60,"column":25},"end":{"line":69,"column":5}},"28":{"start":{"line":61,"column":6},"end":{"line":68,"column":11}},"29":{"start":{"line":63,"column":31},"end":{"line":63,"column":78}},"30":{"start":{"line":64,"column":14},"end":{"line":64,"column":41}},"31":{"start":{"line":70,"column":4},"end":{"line":70,"column":17}},"32":{"start":{"line":74,"column":2},"end":{"line":101,"column":3}},"33":{"start":{"line":85,"column":18},"end":{"line":93,"column":23}}},"fnMap":{"0":{"name":"ShowMap","decl":{"start":{"line":10,"column":24},"end":{"line":10,"column":31}},"loc":{"start":{"line":10,"column":34},"end":{"line":102,"column":1}},"line":10},"1":{"name":"(anonymous_1)","decl":{"start":{"line":18,"column":27},"end":{"line":18,"column":28}},"loc":{"start":{"line":18,"column":33},"end":{"line":27,"column":5}},"line":18},"2":{"name":"(anonymous_2)","decl":{"start":{"line":29,"column":23},"end":{"line":29,"column":24}},"loc":{"start":{"line":29,"column":29},"end":{"line":36,"column":3}},"line":29},"3":{"name":"(anonymous_3)","decl":{"start":{"line":32,"column":41},"end":{"line":32,"column":42}},"loc":{"start":{"line":32,"column":47},"end":{"line":34,"column":11}},"line":32},"4":{"name":"(anonymous_4)","decl":{"start":{"line":33,"column":23},"end":{"line":33,"column":24}},"loc":{"start":{"line":33,"column":33},"end":{"line":33,"column":41}},"line":33},"5":{"name":"(anonymous_5)","decl":{"start":{"line":38,"column":20},"end":{"line":38,"column":21}},"loc":{"start":{"line":38,"column":26},"end":{"line":44,"column":3}},"line":38},"6":{"name":"(anonymous_6)","decl":{"start":{"line":46,"column":14},"end":{"line":46,"column":15}},"loc":{"start":{"line":46,"column":20},"end":{"line":57,"column":5}},"line":46},"7":{"name":"(anonymous_7)","decl":{"start":{"line":47,"column":28},"end":{"line":47,"column":29}},"loc":{"start":{"line":47,"column":39},"end":{"line":55,"column":5}},"line":47},"8":{"name":"(anonymous_8)","decl":{"start":{"line":59,"column":14},"end":{"line":59,"column":15}},"loc":{"start":{"line":59,"column":20},"end":{"line":71,"column":5}},"line":59},"9":{"name":"(anonymous_9)","decl":{"start":{"line":60,"column":25},"end":{"line":60,"column":26}},"loc":{"start":{"line":60,"column":36},"end":{"line":69,"column":5}},"line":60},"10":{"name":"(anonymous_10)","decl":{"start":{"line":84,"column":31},"end":{"line":84,"column":32}},"loc":{"start":{"line":85,"column":18},"end":{"line":93,"column":23}},"line":85}},"branchMap":{"0":{"loc":{"start":{"line":20,"column":6},"end":{"line":25,"column":7}},"type":"if","locations":[{"start":{"line":20,"column":6},"end":{"line":25,"column":7}},{"start":{"line":23,"column":13},"end":{"line":25,"column":7}}],"line":20},"1":{"loc":{"start":{"line":30,"column":6},"end":{"line":35,"column":9}},"type":"if","locations":[{"start":{"line":30,"column":6},"end":{"line":35,"column":9}},{"start":{},"end":{}}],"line":30},"2":{"loc":{"start":{"line":39,"column":6},"end":{"line":43,"column":9}},"type":"if","locations":[{"start":{"line":39,"column":6},"end":{"line":43,"column":9}},{"start":{},"end":{}}],"line":39},"3":{"loc":{"start":{"line":77,"column":45},"end":{"line":77,"column":63}},"type":"binary-expr","locations":[{"start":{"line":77,"column":45},"end":{"line":77,"column":49}},{"start":{"line":77,"column":53},"end":{"line":77,"column":63}}],"line":77},"4":{"loc":{"start":{"line":82,"column":7},"end":{"line":98,"column":7}},"type":"cond-expr","locations":[{"start":{"line":83,"column":10},"end":{"line":95,"column":15}},{"start":{"line":97,"column":10},"end":{"line":97,"column":55}}],"line":82}},"s":{"0":1,"1":1,"2":1,"3":1,"4":1,"5":1,"6":1,"7":0,"8":0,"9":0,"10":0,"11":1,"12":0,"13":0,"14":0,"15":0,"16":1,"17":0,"18":0,"19":0,"20":1,"21":1,"22":1,"23":1,"24":0,"25":1,"26":1,"27":1,"28":1,"29":1,"30":0,"31":1,"32":1,"33":0},"f":{"0":1,"1":0,"2":0,"3":0,"4":0,"5":0,"6":1,"7":1,"8":1,"9":1,"10":0},"b":{"0":[0,0],"1":[0,0],"2":[0,0],"3":[1,1],"4":[0,1]},"_coverageSchema":"1a1c01bbd47fc00a2c39e90264f33305004495a9","hash":"a6aefe63314e984b9cd20fc67a8f113898bde3ac"}
,"/home/cultivator/dbwebb-kurser/vteam/SvenskaElsparkcyklarAB/frontend/src/pages/admin/UserListPage.tsx": {"path":"/home/cultivator/dbwebb-kurser/vteam/SvenskaElsparkcyklarAB/frontend/src/pages/admin/UserListPage.tsx","statementMap":{"0":{"start":{"line":18,"column":31},"end":{"line":74,"column":1}},"1":{"start":{"line":19,"column":20},"end":{"line":19,"column":65}},"2":{"start":{"line":19,"column":54},"end":{"line":19,"column":64}},"3":{"start":{"line":20,"column":28},"end":{"line":20,"column":48}},"4":{"start":{"line":21,"column":32},"end":{"line":21,"column":46}},"5":{"start":{"line":23,"column":2},"end":{"line":35,"column":14}},"6":{"start":{"line":24,"column":29},"end":{"line":33,"column":5}},"7":{"start":{"line":25,"column":6},"end":{"line":32,"column":7}},"8":{"start":{"line":26,"column":25},"end":{"line":26,"column":78}},"9":{"start":{"line":27,"column":8},"end":{"line":27,"column":32}},"10":{"start":{"line":29,"column":8},"end":{"line":29,"column":55}},"11":{"start":{"line":31,"column":8},"end":{"line":31,"column":26}},"12":{"start":{"line":34,"column":4},"end":{"line":34,"column":23}},"13":{"start":{"line":37,"column":2},"end":{"line":39,"column":3}},"14":{"start":{"line":38,"column":4},"end":{"line":38,"column":47}},"15":{"start":{"line":41,"column":2},"end":{"line":73,"column":4}},"16":{"start":{"line":47,"column":10},"end":{"line":69,"column":16}}},"fnMap":{"0":{"name":"(anonymous_0)","decl":{"start":{"line":18,"column":31},"end":{"line":18,"column":32}},"loc":{"start":{"line":18,"column":37},"end":{"line":74,"column":1}},"line":18},"1":{"name":"(anonymous_1)","decl":{"start":{"line":19,"column":32},"end":{"line":19,"column":33}},"loc":{"start":{"line":19,"column":54},"end":{"line":19,"column":64}},"line":19},"2":{"name":"(anonymous_2)","decl":{"start":{"line":23,"column":12},"end":{"line":23,"column":13}},"loc":{"start":{"line":23,"column":18},"end":{"line":35,"column":3}},"line":23},"3":{"name":"(anonymous_3)","decl":{"start":{"line":24,"column":29},"end":{"line":24,"column":30}},"loc":{"start":{"line":24,"column":41},"end":{"line":33,"column":5}},"line":24},"4":{"name":"(anonymous_4)","decl":{"start":{"line":46,"column":19},"end":{"line":46,"column":20}},"loc":{"start":{"line":47,"column":10},"end":{"line":69,"column":16}},"line":47}},"branchMap":{"0":{"loc":{"start":{"line":37,"column":2},"end":{"line":39,"column":3}},"type":"if","locations":[{"start":{"line":37,"column":2},"end":{"line":39,"column":3}},{"start":{},"end":{}}],"line":37},"1":{"loc":{"start":{"line":58,"column":15},"end":{"line":60,"column":46}},"type":"cond-expr","locations":[{"start":{"line":59,"column":18},"end":{"line":59,"column":43}},{"start":{"line":60,"column":18},"end":{"line":60,"column":46}}],"line":58},"2":{"loc":{"start":{"line":62,"column":13},"end":{"line":68,"column":13}},"type":"binary-expr","locations":[{"start":{"line":62,"column":13},"end":{"line":62,"column":27}},{"start":{"line":63,"column":14},"end":{"line":67,"column":16}}],"line":62}},"s":{"0":2,"1":1,"2":2,"3":1,"4":1,"5":1,"6":1,"7":1,"8":1,"9":0,"10":0,"11":0,"12":1,"13":1,"14":1,"15":0,"16":0},"f":{"0":1,"1":2,"2":1,"3":1,"4":0},"b":{"0":[1,0],"1":[0,0],"2":[0,0]},"_coverageSchema":"1a1c01bbd47fc00a2c39e90264f33305004495a9","hash":"4f920b0b5b285272acd79616aad48ecebef337e7"}
,"/home/cultivator/dbwebb-kurser/vteam/SvenskaElsparkcyklarAB/frontend/src/pages/user/CustomerStartPage.tsx": {"path":"/home/cultivator/dbwebb-kurser/vteam/SvenskaElsparkcyklarAB/frontend/src/pages/user/CustomerStartPage.tsx","statementMap":{"0":{"start":{"line":7,"column":36},"end":{"line":38,"column":1}},"1":{"start":{"line":8,"column":2},"end":{"line":36,"column":3}}},"fnMap":{"0":{"name":"(anonymous_0)","decl":{"start":{"line":7,"column":36},"end":{"line":7,"column":37}},"loc":{"start":{"line":7,"column":42},"end":{"line":38,"column":1}},"line":7}},"branchMap":{},"s":{"0":2,"1":1},"f":{"0":1},"b":{},"_coverageSchema":"1a1c01bbd47fc00a2c39e90264f33305004495a9","hash":"63508df356ebf7eb47e877c64c7f7f5a3d3674be"}
,"/home/cultivator/dbwebb-kurser/vteam/SvenskaElsparkcyklarAB/frontend/src/pages/user/UserInfoPage.tsx": {"path":"/home/cultivator/dbwebb-kurser/vteam/SvenskaElsparkcyklarAB/frontend/src/pages/user/UserInfoPage.tsx","statementMap":{"0":{"start":{"line":13,"column":31},"end":{"line":119,"column":1}},"1":{"start":{"line":14,"column":21},"end":{"line":14,"column":34}},"2":{"start":{"line":16,"column":46},"end":{"line":16,"column":91}},"3":{"start":{"line":16,"column":80},"end":{"line":16,"column":90}},"4":{"start":{"line":17,"column":36},"end":{"line":17,"column":55}},"5":{"start":{"line":18,"column":36},"end":{"line":18,"column":48}},"6":{"start":{"line":19,"column":52},"end":{"line":19,"column":67}},"7":{"start":{"line":20,"column":50},"end":{"line":20,"column":61}},"8":{"start":{"line":21,"column":34},"end":{"line":21,"column":45}},"9":{"start":{"line":23,"column":26},"end":{"line":39,"column":7}},"10":{"start":{"line":24,"column":8},"end":{"line":24,"column":27}},"11":{"start":{"line":25,"column":28},"end":{"line":28,"column":11}},"12":{"start":{"line":29,"column":8},"end":{"line":38,"column":9}},"13":{"start":{"line":30,"column":27},"end":{"line":30,"column":120}},"14":{"start":{"line":31,"column":10},"end":{"line":31,"column":32}},"15":{"start":{"line":32,"column":10},"end":{"line":32,"column":62}},"16":{"start":{"line":35,"column":29},"end":{"line":35,"column":48}},"17":{"start":{"line":36,"column":10},"end":{"line":36,"column":73}},"18":{"start":{"line":37,"column":10},"end":{"line":37,"column":78}},"19":{"start":{"line":41,"column":4},"end":{"line":59,"column":10}},"20":{"start":{"line":42,"column":8},"end":{"line":43,"column":25}},"21":{"start":{"line":43,"column":12},"end":{"line":43,"column":25}},"22":{"start":{"line":44,"column":26},"end":{"line":57,"column":13}},"23":{"start":{"line":45,"column":12},"end":{"line":56,"column":17}},"24":{"start":{"line":46,"column":41},"end":{"line":46,"column":96}},"25":{"start":{"line":47,"column":24},"end":{"line":47,"column":51}},"26":{"start":{"line":48,"column":37},"end":{"line":48,"column":50}},"27":{"start":{"line":49,"column":24},"end":{"line":49,"column":42}},"28":{"start":{"line":50,"column":24},"end":{"line":50,"column":51}},"29":{"start":{"line":51,"column":24},"end":{"line":51,"column":67}},"30":{"start":{"line":52,"column":24},"end":{"line":52,"column":65}},"31":{"start":{"line":53,"column":24},"end":{"line":53,"column":49}},"32":{"start":{"line":55,"column":20},"end":{"line":55,"column":69}},"33":{"start":{"line":58,"column":8},"end":{"line":58,"column":20}},"34":{"start":{"line":61,"column":0},"end":{"line":118,"column":2}},"35":{"start":{"line":90,"column":60},"end":{"line":90,"column":76}},"36":{"start":{"line":93,"column":131},"end":{"line":93,"column":169}},"37":{"start":{"line":102,"column":116},"end":{"line":102,"column":159}}},"fnMap":{"0":{"name":"(anonymous_0)","decl":{"start":{"line":13,"column":31},"end":{"line":13,"column":32}},"loc":{"start":{"line":13,"column":37},"end":{"line":119,"column":1}},"line":13},"1":{"name":"(anonymous_1)","decl":{"start":{"line":16,"column":58},"end":{"line":16,"column":59}},"loc":{"start":{"line":16,"column":80},"end":{"line":16,"column":90}},"line":16},"2":{"name":"(anonymous_2)","decl":{"start":{"line":23,"column":26},"end":{"line":23,"column":27}},"loc":{"start":{"line":23,"column":73},"end":{"line":39,"column":7}},"line":23},"3":{"name":"(anonymous_3)","decl":{"start":{"line":41,"column":14},"end":{"line":41,"column":15}},"loc":{"start":{"line":41,"column":20},"end":{"line":59,"column":5}},"line":41},"4":{"name":"(anonymous_4)","decl":{"start":{"line":44,"column":26},"end":{"line":44,"column":27}},"loc":{"start":{"line":44,"column":38},"end":{"line":57,"column":13}},"line":44},"5":{"name":"(anonymous_5)","decl":{"start":{"line":90,"column":53},"end":{"line":90,"column":54}},"loc":{"start":{"line":90,"column":60},"end":{"line":90,"column":76}},"line":90},"6":{"name":"(anonymous_6)","decl":{"start":{"line":93,"column":125},"end":{"line":93,"column":126}},"loc":{"start":{"line":93,"column":131},"end":{"line":93,"column":169}},"line":93},"7":{"name":"(anonymous_7)","decl":{"start":{"line":102,"column":110},"end":{"line":102,"column":111}},"loc":{"start":{"line":102,"column":116},"end":{"line":102,"column":159}},"line":102}},"branchMap":{"0":{"loc":{"start":{"line":37,"column":34},"end":{"line":37,"column":76}},"type":"binary-expr","locations":[{"start":{"line":37,"column":34},"end":{"line":37,"column":53}},{"start":{"line":37,"column":57},"end":{"line":37,"column":76}}],"line":37},"1":{"loc":{"start":{"line":42,"column":8},"end":{"line":43,"column":25}},"type":"if","locations":[{"start":{"line":42,"column":8},"end":{"line":43,"column":25}},{"start":{},"end":{}}],"line":42},"2":{"loc":{"start":{"line":68,"column":31},"end":{"line":68,"column":62}},"type":"binary-expr","locations":[{"start":{"line":68,"column":31},"end":{"line":68,"column":49}},{"start":{"line":68,"column":53},"end":{"line":68,"column":62}}],"line":68},"3":{"loc":{"start":{"line":72,"column":27},"end":{"line":72,"column":55}},"type":"binary-expr","locations":[{"start":{"line":72,"column":27},"end":{"line":72,"column":42}},{"start":{"line":72,"column":45},"end":{"line":72,"column":55}}],"line":72},"4":{"loc":{"start":{"line":76,"column":28},"end":{"line":76,"column":60}},"type":"binary-expr","locations":[{"start":{"line":76,"column":28},"end":{"line":76,"column":47}},{"start":{"line":76,"column":51},"end":{"line":76,"column":60}}],"line":76},"5":{"loc":{"start":{"line":84,"column":31},"end":{"line":84,"column":57}},"type":"binary-expr","locations":[{"start":{"line":84,"column":31},"end":{"line":84,"column":49}},{"start":{"line":84,"column":53},"end":{"line":84,"column":57}}],"line":84},"6":{"loc":{"start":{"line":89,"column":114},"end":{"line":89,"column":145}},"type":"binary-expr","locations":[{"start":{"line":89,"column":114},"end":{"line":89,"column":132}},{"start":{"line":89,"column":136},"end":{"line":89,"column":145}}],"line":89},"7":{"loc":{"start":{"line":102,"column":127},"end":{"line":102,"column":158}},"type":"binary-expr","locations":[{"start":{"line":102,"column":127},"end":{"line":102,"column":153}},{"start":{"line":102,"column":157},"end":{"line":102,"column":158}}],"line":102}},"s":{"0":2,"1":2,"2":2,"3":3,"4":2,"5":2,"6":2,"7":2,"8":2,"9":2,"10":0,"11":0,"12":0,"13":0,"14":0,"15":0,"16":0,"17":0,"18":0,"19":2,"20":1,"21":1,"22":1,"23":1,"24":1,"25":0,"26":0,"27":0,"28":0,"29":0,"30":0,"31":0,"32":0,"33":1,"34":2,"35":0,"36":0,"37":0},"f":{"0":2,"1":3,"2":0,"3":1,"4":1,"5":0,"6":0,"7":0},"b":{"0":[0,0],"1":[1,0],"2":[2,2],"3":[2,2],"4":[2,2],"5":[2,2],"6":[2,2],"7":[0,0]},"_coverageSchema":"1a1c01bbd47fc00a2c39e90264f33305004495a9","hash":"3365c46b60ce636383f74086bb74c4aa1b0b74ef"}
,"/home/cultivator/dbwebb-kurser/vteam/SvenskaElsparkcyklarAB/frontend/src/redux/slices/authLogin.ts": {"path":"/home/cultivator/dbwebb-kurser/vteam/SvenskaElsparkcyklarAB/frontend/src/redux/slices/authLogin.ts","statementMap":{"0":{"start":{"line":11,"column":32},"end":{"line":16,"column":1}},"1":{"start":{"line":18,"column":18},"end":{"line":35,"column":2}},"2":{"start":{"line":23,"column":6},"end":{"line":23,"column":34}},"3":{"start":{"line":26,"column":6},"end":{"line":26,"column":34}},"4":{"start":{"line":29,"column":8},"end":{"line":29,"column":41}},"5":{"start":{"line":32,"column":8},"end":{"line":32,"column":36}},"6":{"start":{"line":37,"column":69},"end":{"line":37,"column":86}}},"fnMap":{"0":{"name":"(anonymous_0)","decl":{"start":{"line":22,"column":4},"end":{"line":22,"column":5}},"loc":{"start":{"line":22,"column":27},"end":{"line":24,"column":5}},"line":22},"1":{"name":"(anonymous_1)","decl":{"start":{"line":25,"column":4},"end":{"line":25,"column":5}},"loc":{"start":{"line":25,"column":34},"end":{"line":27,"column":5}},"line":25},"2":{"name":"(anonymous_2)","decl":{"start":{"line":28,"column":4},"end":{"line":28,"column":5}},"loc":{"start":{"line":28,"column":34},"end":{"line":30,"column":5}},"line":28},"3":{"name":"(anonymous_3)","decl":{"start":{"line":31,"column":4},"end":{"line":31,"column":5}},"loc":{"start":{"line":31,"column":28},"end":{"line":33,"column":5}},"line":31}},"branchMap":{},"s":{"0":20,"1":20,"2":0,"3":0,"4":0,"5":0,"6":20},"f":{"0":0,"1":0,"2":0,"3":0},"b":{},"_coverageSchema":"1a1c01bbd47fc00a2c39e90264f33305004495a9","hash":"6affee31f21f77fc70e680094c45fd0d7b058ee7"}
,"/home/cultivator/dbwebb-kurser/vteam/SvenskaElsparkcyklarAB/frontend/src/redux/store/store.ts": {"path":"/home/cultivator/dbwebb-kurser/vteam/SvenskaElsparkcyklarAB/frontend/src/redux/store/store.ts","statementMap":{"0":{"start":{"line":21,"column":22},"end":{"line":24,"column":1}},"1":{"start":{"line":26,"column":25},"end":{"line":26,"column":67}},"2":{"start":{"line":27,"column":21},"end":{"line":37,"column":2}},"3":{"start":{"line":32,"column":4},"end":{"line":36,"column":6}},"4":{"start":{"line":41,"column":25},"end":{"line":41,"column":44}}},"fnMap":{"0":{"name":"(anonymous_0)","decl":{"start":{"line":31,"column":14},"end":{"line":31,"column":15}},"loc":{"start":{"line":32,"column":4},"end":{"line":36,"column":6}},"line":32}},"branchMap":{},"s":{"0":20,"1":20,"2":20,"3":20,"4":20},"f":{"0":20},"b":{},"_coverageSchema":"1a1c01bbd47fc00a2c39e90264f33305004495a9","hash":"cf54442586efbfe13e134111dd5d8b493c3f1f6b"}
}
