TN:
SF:src/App.tsx
FN:25,(anonymous_0)
FNF:1
FNH:1
FNDA:1,(anonymous_0)
DA:25,1
DA:26,1
LF:2
LH:2
BRF:0
BRH:0
end_of_record
TN:
SF:src/main.tsx
FNF:0
FNH:0
DA:10,0
LF:1
LH:0
BRF:0
BRH:0
end_of_record
TN:
SF:src/vite-env.d.ts
FNF:0
FNH:0
LF:0
LH:0
BRF:0
BRH:0
end_of_record
TN:
SF:src/components/AdminGate.tsx
FN:11,AdminGate
FN:12,(anonymous_1)
FN:17,(anonymous_2)
FN:32,(anonymous_3)
FN:36,(anonymous_4)
FNF:5
FNH:5
FNDA:21,AdminGate
FNDA:29,(anonymous_1)
FNDA:8,(anonymous_2)
FNDA:8,(anonymous_3)
FNDA:16,(anonymous_4)
DA:12,29
DA:13,21
DA:15,21
DA:17,21
DA:18,8
DA:19,2
DA:20,2
DA:21,2
DA:23,0
DA:24,0
DA:25,0
DA:28,6
DA:32,21
DA:33,8
DA:36,21
DA:37,16
DA:38,8
DA:40,8
DA:41,7
DA:42,7
DA:46,21
LF:21
LH:18
BRDA:18,0,0,2
BRDA:18,0,1,6
BRDA:37,1,0,8
BRDA:37,1,1,8
BRDA:40,2,0,7
BRDA:40,2,1,1
BRF:6
BRH:6
end_of_record
TN:
SF:src/components/Header.tsx
FN:13,Header
FN:15,(anonymous_1)
FN:18,(anonymous_2)
FN:23,(anonymous_3)
FN:63,(anonymous_4)
FNF:5
FNH:2
FNDA:2,Header
FNDA:4,(anonymous_1)
FNDA:0,(anonymous_2)
FNDA:0,(anonymous_3)
FNDA:0,(anonymous_4)
DA:15,4
DA:18,2
DA:19,0
DA:20,0
DA:23,2
DA:24,0
DA:25,0
DA:28,2
DA:63,0
LF:9
LH:4
BRDA:42,0,0,2
BRDA:42,0,1,0
BRDA:43,1,0,2
BRDA:43,1,1,0
BRDA:50,2,0,2
BRDA:50,2,1,2
BRDA:61,3,0,0
BRDA:61,3,1,2
BRDA:62,4,0,0
BRDA:62,4,1,2
BRF:10
BRH:6
end_of_record
TN:
SF:src/components/Login.tsx
FN:4,Login
FN:6,(anonymous_1)
FN:12,(anonymous_2)
FNF:3
FNH:1
FNDA:5,Login
FNDA:0,(anonymous_1)
FNDA:0,(anonymous_2)
DA:6,5
DA:7,0
DA:8,0
DA:11,5
DA:12,0
LF:5
LH:2
BRF:0
BRH:0
end_of_record
TN:
SF:src/components/Logout.tsx
FN:6,Logout
FN:11,(anonymous_1)
FN:20,(anonymous_2)
FNF:3
FNH:1
FNDA:2,Logout
FNDA:0,(anonymous_1)
FNDA:0,(anonymous_2)
DA:8,2
DA:9,2
DA:11,2
DA:12,0
DA:13,0
DA:14,0
DA:15,0
DA:16,0
DA:17,0
DA:19,2
DA:20,0
LF:11
LH:4
BRF:0
BRH:0
end_of_record
TN:
SF:src/components/Map.tsx
FN:15,Map
FN:20,(anonymous_1)
FNF:2
FNH:2
FNDA:4,Map
FNDA:3,(anonymous_1)
DA:17,4
DA:18,4
DA:20,4
DA:21,3
DA:22,1
DA:26,4
LF:6
LH:6
BRDA:21,0,0,1
BRDA:21,0,1,2
BRDA:21,1,0,3
BRDA:21,1,1,2
BRF:4
BRH:4
end_of_record
TN:
SF:src/components/MapCenter.tsx
FN:5,MapCenter
FN:8,(anonymous_1)
FNF:2
FNH:2
FNDA:5,MapCenter
FNDA:5,(anonymous_1)
DA:6,5
DA:8,5
DA:9,5
DA:12,5
LF:4
LH:4
BRF:0
BRH:0
end_of_record
TN:
SF:src/components/Spinner.tsx
FN:5,Spinner
FNF:1
FNH:1
FNDA:2,Spinner
DA:7,2
LF:1
LH:1
BRF:0
BRH:0
end_of_record
TN:
SF:src/components/UserGate.tsx
FN:9,UserGate
FN:10,(anonymous_1)
FN:15,(anonymous_2)
FN:16,(anonymous_3)
FN:35,(anonymous_4)
FN:39,(anonymous_5)
FNF:6
FNH:6
FNDA:10,UserGate
FNDA:15,(anonymous_1)
FNDA:5,(anonymous_2)
FNDA:5,(anonymous_3)
FNDA:9,(anonymous_4)
FNDA:4,(anonymous_5)
DA:10,15
DA:11,10
DA:13,10
DA:15,10
DA:16,5
DA:17,5
DA:18,3
DA:19,3
DA:20,2
DA:22,0
DA:23,0
DA:24,0
DA:27,2
DA:32,5
DA:35,10
DA:36,9
DA:37,5
DA:39,4
DA:40,2
DA:41,2
DA:45,10
LF:21
LH:18
BRDA:17,0,0,3
BRDA:17,0,1,2
BRDA:36,1,0,5
BRDA:36,1,1,4
BRDA:39,2,0,2
BRDA:39,2,1,2
BRF:6
BRH:6
end_of_record
TN:
SF:src/components/ZoneTable.tsx
FN:6,ZoneTable
FN:22,(anonymous_1)
FNF:2
FNH:1
FNDA:1,ZoneTable
FNDA:0,(anonymous_1)
DA:7,1
DA:23,0
LF:2
LH:1
BRF:0
BRH:0
end_of_record
TN:
SF:src/helpers/config.tsx
FN:23,(anonymous_0)
FN:44,giveMarkerPin
FNF:2
FNH:1
FNDA:8,(anonymous_0)
FNDA:0,giveMarkerPin
DA:1,17
DA:3,17
DA:4,17
DA:5,17
DA:6,17
DA:20,17
DA:23,17
DA:24,8
DA:30,8
DA:34,17
DA:45,0
DA:55,0
DA:57,0
LF:13
LH:10
BRDA:26,0,0,8
BRDA:26,0,1,8
BRF:2
BRH:2
end_of_record
TN:
SF:src/helpers/test-redux.tsx
FN:23,(anonymous_0)
FNF:1
FNH:1
FNDA:24,(anonymous_0)
DA:23,20
DA:28,24
DA:34,24
LF:3
LH:3
BRDA:25,0,0,17
BRF:1
BRH:1
end_of_record
TN:
SF:src/helpers/map/cities.tsx
FNF:0
FNH:0
DA:7,4
LF:1
LH:1
BRF:0
BRH:0
end_of_record
TN:
SF:src/helpers/map/leaflet-types.tsx
FNF:0
FNH:0
LF:0
LH:0
BRF:0
BRH:0
end_of_record
TN:
SF:src/helpers/map/renders.tsx
FN:7,(anonymous_0)
FN:20,(anonymous_1)
FN:21,(anonymous_2)
FN:35,(anonymous_3)
FN:36,(anonymous_4)
FN:44,(anonymous_5)
FN:45,(anonymous_6)
FN:46,(anonymous_7)
FNF:8
FNH:2
FNDA:0,(anonymous_0)
FNDA:4,(anonymous_1)
FNDA:0,(anonymous_2)
FNDA:0,(anonymous_3)
FNDA:0,(anonymous_4)
FNDA:4,(anonymous_5)
FNDA:0,(anonymous_6)
FNDA:0,(anonymous_7)
DA:7,4
DA:8,0
DA:10,0
DA:12,0
DA:14,0
DA:16,0
DA:20,4
DA:21,4
DA:22,0
DA:35,4
DA:36,0
DA:37,0
DA:44,4
DA:45,4
DA:46,0
LF:15
LH:6
BRDA:8,0,0,0
BRDA:8,0,1,0
BRDA:8,0,2,0
BRDA:8,0,3,0
BRDA:51,1,0,0
BRDA:51,1,1,0
BRF:6
BRH:0
end_of_record
TN:
SF:src/module_typings/import-images.d.ts
FNF:0
FNH:0
LF:0
LH:0
BRF:0
BRH:0
end_of_record
TN:
SF:src/pages/Github.tsx
FN:13,(anonymous_0)
FN:21,(anonymous_1)
FN:23,(anonymous_2)
FN:40,(anonymous_3)
FNF:4
FNH:3
FNDA:1,(anonymous_0)
FNDA:2,(anonymous_1)
FNDA:1,(anonymous_2)
FNDA:0,(anonymous_3)
DA:13,2
DA:15,1
DA:16,1
DA:17,1
DA:18,1
DA:19,1
DA:21,2
DA:23,1
DA:25,1
DA:27,0
DA:28,0
DA:29,0
DA:30,0
DA:31,0
DA:32,0
DA:34,0
DA:37,1
DA:38,1
DA:40,0
DA:41,0
DA:42,0
DA:43,0
DA:44,0
DA:45,0
DA:46,0
DA:47,0
DA:48,0
DA:49,0
DA:50,0
DA:51,0
DA:52,0
DA:54,0
DA:60,0
DA:64,0
DA:68,1
LF:35
LH:12
BRDA:25,0,0,0
BRDA:25,0,1,1
BRDA:27,1,0,0
BRDA:27,1,1,0
BRDA:29,2,0,0
BRDA:29,2,1,0
BRDA:31,3,0,0
BRDA:31,3,1,0
BRDA:38,4,0,1
BRDA:38,4,1,0
BRDA:38,5,0,1
BRDA:38,5,1,0
BRDA:50,6,0,0
BRDA:50,6,1,0
BRF:14
BRH:3
end_of_record
TN:
SF:src/pages/HomePage.tsx
FN:6,(anonymous_0)
FN:8,(anonymous_1)
FNF:2
FNH:2
FNDA:2,(anonymous_0)
FNDA:4,(anonymous_1)
DA:6,2
DA:8,4
DA:10,2
LF:3
LH:3
BRDA:12,0,0,0
BRDA:12,0,1,2
BRF:2
BRH:1
end_of_record
TN:
SF:src/pages/admin/AdminMapNavigation.tsx
FN:8,(anonymous_0)
FN:24,(anonymous_1)
FN:27,(anonymous_2)
FNF:3
FNH:2
FNDA:2,(anonymous_0)
FNDA:6,(anonymous_1)
FNDA:0,(anonymous_2)
DA:8,2
DA:9,2
DA:11,2
DA:17,2
DA:25,6
DA:27,0
LF:6
LH:5
BRF:0
BRH:0
end_of_record
TN:
SF:src/pages/admin/AdminStartPage.tsx
FN:7,(anonymous_0)
FNF:1
FNH:1
FNDA:1,(anonymous_0)
DA:7,2
DA:9,1
LF:2
LH:2
BRF:0
BRH:0
end_of_record
TN:
SF:src/pages/admin/AdminUserOverviewPage.tsx
FN:26,(anonymous_0)
FN:28,(anonymous_1)
FN:43,(anonymous_2)
FN:70,(anonymous_3)
FN:71,(anonymous_4)
FN:139,(anonymous_5)
FN:143,(anonymous_6)
FN:153,(anonymous_7)
FN:163,(anonymous_8)
FN:171,(anonymous_9)
FN:175,(anonymous_10)
FN:179,(anonymous_11)
FN:180,(anonymous_12)
FN:184,(anonymous_13)
FN:189,(anonymous_14)
FNF:15
FNH:3
FNDA:1,(anonymous_0)
FNDA:2,(anonymous_1)
FNDA:0,(anonymous_2)
FNDA:1,(anonymous_3)
FNDA:0,(anonymous_4)
FNDA:0,(anonymous_5)
FNDA:0,(anonymous_6)
FNDA:0,(anonymous_7)
FNDA:0,(anonymous_8)
FNDA:0,(anonymous_9)
FNDA:0,(anonymous_10)
FNDA:0,(anonymous_11)
FNDA:0,(anonymous_12)
FNDA:0,(anonymous_13)
FNDA:0,(anonymous_14)
DA:26,2
DA:27,1
DA:28,2
DA:29,1
DA:30,1
DA:31,1
DA:32,1
DA:33,1
DA:34,1
DA:35,1
DA:36,1
DA:37,1
DA:38,1
DA:39,1
DA:40,1
DA:43,1
DA:44,0
DA:45,0
DA:56,0
DA:57,0
DA:58,0
DA:59,0
DA:62,0
DA:63,0
DA:64,0
DA:70,1
DA:71,1
DA:72,0
DA:73,0
DA:74,0
DA:75,0
DA:76,0
DA:77,0
DA:78,0
DA:79,0
DA:80,0
DA:81,0
DA:82,0
DA:83,0
DA:84,0
DA:85,0
DA:88,0
DA:90,0
DA:94,1
DA:95,0
DA:99,1
DA:100,1
DA:103,0
DA:104,0
DA:107,0
DA:139,0
DA:143,0
DA:153,0
DA:163,0
DA:171,0
DA:175,0
DA:179,0
DA:180,0
DA:184,0
DA:189,0
LF:60
LH:21
BRDA:49,0,0,0
BRDA:49,0,1,0
BRDA:49,1,0,0
BRDA:49,1,1,0
BRDA:64,2,0,0
BRDA:64,2,1,0
BRDA:82,3,0,0
BRDA:82,3,1,0
BRDA:94,4,0,0
BRDA:94,4,1,1
BRDA:99,5,0,1
BRDA:99,5,1,0
BRDA:103,6,0,0
BRDA:103,6,1,0
BRDA:163,7,0,0
BRDA:163,7,1,0
BRDA:184,8,0,0
BRDA:184,8,1,0
BRDA:189,9,0,0
BRDA:189,9,1,0
BRF:20
BRH:2
end_of_record
TN:
SF:src/pages/admin/AllBikes.tsx
FN:12,AllBikes
FN:14,(anonymous_1)
FN:16,(anonymous_2)
FN:17,(anonymous_3)
FN:38,(anonymous_4)
FNF:5
FNH:4
FNDA:1,AllBikes
FNDA:2,(anonymous_1)
FNDA:1,(anonymous_2)
FNDA:1,(anonymous_3)
FNDA:0,(anonymous_4)
DA:13,1
DA:14,2
DA:16,1
DA:17,1
DA:18,1
DA:19,1
DA:20,0
DA:26,1
DA:30,1
DA:39,0
LF:10
LH:8
BRDA:34,0,0,0
BRDA:34,0,1,1
BRF:2
BRH:1
end_of_record
TN:
SF:src/pages/admin/AllZones.tsx
FN:13,AllZones
FN:21,(anonymous_1)
FN:28,(anonymous_2)
FN:39,(anonymous_3)
FN:62,(anonymous_4)
FN:71,(anonymous_5)
FN:80,(anonymous_6)
FN:97,(anonymous_7)
FNF:8
FNH:1
FNDA:1,AllZones
FNDA:0,(anonymous_1)
FNDA:0,(anonymous_2)
FNDA:0,(anonymous_3)
FNDA:0,(anonymous_4)
FNDA:0,(anonymous_5)
FNDA:0,(anonymous_6)
FNDA:0,(anonymous_7)
DA:14,1
DA:15,1
DA:16,1
DA:17,1
DA:18,1
DA:19,1
DA:21,1
DA:22,0
DA:23,0
DA:24,0
DA:28,1
DA:29,0
DA:30,0
DA:32,0
DA:33,0
DA:34,0
DA:35,0
DA:36,0
DA:37,0
DA:38,0
DA:39,0
DA:40,0
DA:41,0
DA:44,0
DA:45,0
DA:49,0
DA:54,1
DA:62,0
DA:71,0
DA:81,0
DA:98,0
LF:31
LH:9
BRDA:23,0,0,0
BRDA:23,0,1,0
BRDA:23,1,0,0
BRDA:23,1,1,0
BRDA:23,1,2,0
BRDA:40,2,0,0
BRDA:40,2,1,0
BRDA:63,3,0,1
BRDA:63,3,1,1
BRDA:76,4,0,1
BRDA:76,4,1,1
BRDA:76,5,0,1
BRDA:76,5,1,1
BRF:13
BRH:6
end_of_record
TN:
SF:src/pages/admin/ShowMap.tsx
FN:10,ShowMap
FN:18,(anonymous_1)
FN:29,(anonymous_2)
FN:32,(anonymous_3)
FN:33,(anonymous_4)
FN:38,(anonymous_5)
FN:46,(anonymous_6)
FN:47,(anonymous_7)
FN:59,(anonymous_8)
FN:60,(anonymous_9)
FN:84,(anonymous_10)
FNF:11
FNH:5
FNDA:1,ShowMap
FNDA:0,(anonymous_1)
FNDA:0,(anonymous_2)
FNDA:0,(anonymous_3)
FNDA:0,(anonymous_4)
FNDA:0,(anonymous_5)
FNDA:1,(anonymous_6)
FNDA:1,(anonymous_7)
FNDA:1,(anonymous_8)
FNDA:1,(anonymous_9)
FNDA:0,(anonymous_10)
DA:11,1
DA:12,1
DA:13,1
DA:14,1
DA:15,1
DA:16,1
DA:18,1
DA:19,0
DA:20,0
DA:22,0
DA:24,0
DA:29,1
DA:30,0
DA:32,0
DA:33,0
DA:38,1
DA:39,0
DA:41,0
DA:42,0
DA:46,1
DA:47,1
DA:48,1
DA:49,1
DA:50,0
DA:56,1
DA:59,1
DA:60,1
DA:61,1
DA:63,1
DA:64,0
DA:70,1
DA:74,1
DA:85,0
LF:33
LH:20
BRDA:20,0,0,0
BRDA:20,0,1,0
BRDA:30,1,0,0
BRDA:30,1,1,0
BRDA:39,2,0,0
BRDA:39,2,1,0
BRDA:77,3,0,1
BRDA:77,3,1,1
BRDA:82,4,0,0
BRDA:82,4,1,1
BRF:10
BRH:3
end_of_record
TN:
SF:src/pages/admin/UserListPage.tsx
FN:18,(anonymous_0)
FN:19,(anonymous_1)
FN:23,(anonymous_2)
FN:24,(anonymous_3)
FN:46,(anonymous_4)
FNF:5
FNH:4
FNDA:1,(anonymous_0)
FNDA:2,(anonymous_1)
FNDA:1,(anonymous_2)
FNDA:1,(anonymous_3)
FNDA:0,(anonymous_4)
DA:18,2
DA:19,2
DA:20,1
DA:21,1
DA:23,1
DA:24,1
DA:25,1
DA:26,1
DA:27,0
DA:29,0
DA:31,0
DA:34,1
DA:37,1
DA:38,1
DA:41,0
DA:47,0
LF:16
LH:11
BRDA:37,0,0,1
BRDA:37,0,1,0
BRDA:58,1,0,0
BRDA:58,1,1,0
BRDA:62,2,0,0
BRDA:62,2,1,0
BRF:6
BRH:1
end_of_record
TN:
SF:src/pages/user/CustomerStartPage.tsx
FN:7,(anonymous_0)
FNF:1
FNH:1
FNDA:1,(anonymous_0)
DA:7,2
DA:8,1
LF:2
LH:2
BRF:0
BRH:0
end_of_record
TN:
SF:src/pages/user/UserInfoPage.tsx
FN:13,(anonymous_0)
FN:16,(anonymous_1)
FN:23,(anonymous_2)
FN:41,(anonymous_3)
FN:44,(anonymous_4)
FN:90,(anonymous_5)
FN:93,(anonymous_6)
FN:102,(anonymous_7)
FNF:8
FNH:4
FNDA:2,(anonymous_0)
FNDA:3,(anonymous_1)
FNDA:0,(anonymous_2)
FNDA:1,(anonymous_3)
FNDA:1,(anonymous_4)
FNDA:0,(anonymous_5)
FNDA:0,(anonymous_6)
FNDA:0,(anonymous_7)
DA:13,2
DA:14,2
DA:16,3
DA:17,2
DA:18,2
DA:19,2
DA:20,2
DA:21,2
DA:23,2
DA:24,0
DA:25,0
DA:29,0
DA:30,0
DA:31,0
DA:32,0
DA:35,0
DA:36,0
DA:37,0
DA:41,2
DA:42,1
DA:43,1
DA:44,1
DA:45,1
DA:46,1
DA:47,0
DA:48,0
DA:49,0
DA:50,0
DA:51,0
DA:52,0
DA:53,0
DA:55,0
DA:58,1
DA:61,2
DA:90,0
DA:93,0
DA:102,0
LF:37
LH:17
BRDA:37,0,0,0
BRDA:37,0,1,0
BRDA:42,1,0,1
BRDA:42,1,1,0
BRDA:68,2,0,2
BRDA:68,2,1,2
BRDA:72,3,0,2
BRDA:72,3,1,2
BRDA:76,4,0,2
BRDA:76,4,1,2
BRDA:84,5,0,2
BRDA:84,5,1,2
BRDA:89,6,0,2
BRDA:89,6,1,2
BRDA:102,7,0,0
BRDA:102,7,1,0
BRF:16
BRH:11
end_of_record
TN:
SF:src/redux/slices/authLogin.ts
FN:22,(anonymous_0)
FN:25,(anonymous_1)
FN:28,(anonymous_2)
FN:31,(anonymous_3)
FNF:4
FNH:0
FNDA:0,(anonymous_0)
FNDA:0,(anonymous_1)
FNDA:0,(anonymous_2)
FNDA:0,(anonymous_3)
DA:11,20
DA:18,20
DA:23,0
DA:26,0
DA:29,0
DA:32,0
DA:37,20
LF:7
LH:3
BRF:0
BRH:0
end_of_record
TN:
SF:src/redux/store/store.ts
FN:31,(anonymous_0)
FNF:1
FNH:1
FNDA:20,(anonymous_0)
DA:21,20
DA:26,20
DA:27,20
DA:32,20
DA:41,20
LF:5
LH:5
BRF:0
BRH:0
end_of_record
